2022-01-01 23:35:09,756 INFO: Starting the Flask Stock Portfolio App... [in __init__.py:58]
2022-01-01 23:35:09,781 INFO: Calling teardown_appcontext() for the Flask application... [in __init__.py:87]
2022-01-01 23:35:48,218 INFO: Starting the Flask Stock Portfolio App... [in __init__.py:58]
2022-01-01 23:39:12,812 INFO: Starting the Flask Stock Portfolio App... [in __init__.py:58]
2022-01-01 23:40:57,182 INFO: Starting the Flask Stock Portfolio App... [in __init__.py:58]
2022-01-01 23:40:57,954 INFO: Starting the Flask Stock Portfolio App... [in __init__.py:58]
2022-01-01 23:42:47,666 INFO: Starting the Flask Stock Portfolio App... [in __init__.py:58]
2022-01-01 23:43:11,007 INFO: Starting the Flask Stock Portfolio App... [in __init__.py:58]
2022-01-01 23:43:11,011 INFO: Calling teardown_appcontext() for the Flask application... [in __init__.py:87]
2022-01-01 23:43:42,848 INFO: Starting the Flask Stock Portfolio App... [in __init__.py:58]
2022-01-01 23:43:46,743 INFO: Calling teardown_appcontext() for the Flask application... [in __init__.py:87]
2022-01-01 23:44:05,514 INFO: Starting the Flask Stock Portfolio App... [in __init__.py:58]
2022-01-01 23:46:18,450 INFO: Calling teardown_appcontext() for the Flask application... [in __init__.py:87]
2022-01-01 23:53:07,589 INFO: Starting the Flask Stock Portfolio App... [in __init__.py:58]
2022-01-01 23:53:07,606 INFO: Calling teardown_appcontext() for the Flask application... [in __init__.py:87]
2022-01-01 23:53:46,187 INFO: Starting the Flask Stock Portfolio App... [in __init__.py:58]
2022-01-01 23:53:46,189 INFO: Calling teardown_appcontext() for the Flask application... [in __init__.py:87]
2022-01-01 23:55:07,513 INFO: Starting the Flask Stock Portfolio App... [in __init__.py:58]
2022-01-01 23:55:07,514 INFO: Calling teardown_appcontext() for the Flask application... [in __init__.py:87]
2022-01-01 23:55:23,690 INFO: Starting the Flask Stock Portfolio App... [in __init__.py:58]
2022-01-01 23:55:23,691 INFO: Calling teardown_appcontext() for the Flask application... [in __init__.py:87]
2022-01-01 23:55:42,952 INFO: Starting the Flask Stock Portfolio App... [in __init__.py:58]
2022-01-01 23:55:42,953 INFO: Calling teardown_appcontext() for the Flask application... [in __init__.py:87]
2022-01-01 23:55:50,756 INFO: Starting the Flask Stock Portfolio App... [in __init__.py:58]
2022-01-01 23:55:50,773 INFO: Calling teardown_appcontext() for the Flask application... [in __init__.py:87]
2022-01-01 23:55:57,440 INFO: Starting the Flask Stock Portfolio App... [in __init__.py:58]
2022-01-01 23:55:58,171 INFO: Starting the Flask Stock Portfolio App... [in __init__.py:58]
2022-01-01 23:56:02,158 INFO: Calling before_request() for the Flask application... [in __init__.py:74]
2022-01-01 23:56:02,158 INFO: Calling before_request() for the stocks blueprint... [in routes.py:47]
2022-01-01 23:56:02,158 INFO: Calling the index() function. [in routes.py:14]
2022-01-01 23:56:02,169 INFO: Calling after_request() for the stocks blueprint... [in routes.py:52]
2022-01-01 23:56:02,169 INFO: Calling after_request() for the Flask application... [in __init__.py:78]
2022-01-01 23:56:02,169 INFO: Calling teardown_request() for the stocks blueprint... [in routes.py:58]
2022-01-01 23:56:02,169 INFO: Calling teardown_request() for the Flask application... [in __init__.py:83]
2022-01-01 23:56:02,169 INFO: Calling teardown_appcontext() for the Flask application... [in __init__.py:87]
2022-01-01 23:56:02,180 INFO: Calling before_request() for the Flask application... [in __init__.py:74]
2022-01-01 23:56:02,183 INFO: Calling before_request() for the Flask application... [in __init__.py:74]
2022-01-01 23:56:02,187 INFO: Calling before_request() for the Flask application... [in __init__.py:74]
2022-01-01 23:56:02,263 INFO: Calling after_request() for the Flask application... [in __init__.py:78]
2022-01-01 23:56:02,263 INFO: Calling teardown_request() for the Flask application... [in __init__.py:83]
2022-01-01 23:56:02,263 INFO: Calling teardown_appcontext() for the Flask application... [in __init__.py:87]
2022-01-01 23:56:02,270 INFO: Calling after_request() for the Flask application... [in __init__.py:78]
2022-01-01 23:56:02,270 INFO: Calling after_request() for the Flask application... [in __init__.py:78]
2022-01-01 23:56:02,270 INFO: Calling teardown_request() for the Flask application... [in __init__.py:83]
2022-01-01 23:56:02,270 INFO: Calling teardown_request() for the Flask application... [in __init__.py:83]
2022-01-01 23:56:02,270 INFO: Calling teardown_appcontext() for the Flask application... [in __init__.py:87]
2022-01-01 23:56:02,270 INFO: Calling teardown_appcontext() for the Flask application... [in __init__.py:87]
2022-01-01 23:56:06,939 INFO: Calling before_request() for the Flask application... [in __init__.py:74]
2022-01-01 23:56:06,940 INFO: Calling before_request() for the stocks blueprint... [in routes.py:47]
2022-01-01 23:56:06,963 INFO: Calling after_request() for the stocks blueprint... [in routes.py:52]
2022-01-01 23:56:06,963 INFO: Calling after_request() for the Flask application... [in __init__.py:78]
2022-01-01 23:56:06,963 INFO: Calling teardown_request() for the stocks blueprint... [in routes.py:58]
2022-01-01 23:56:06,963 INFO: Calling teardown_request() for the Flask application... [in __init__.py:83]
2022-01-01 23:56:06,963 INFO: Calling teardown_appcontext() for the Flask application... [in __init__.py:87]
2022-01-01 23:56:06,988 INFO: Calling before_request() for the Flask application... [in __init__.py:74]
2022-01-01 23:56:06,989 INFO: Calling before_request() for the Flask application... [in __init__.py:74]
2022-01-01 23:56:06,990 INFO: Calling after_request() for the Flask application... [in __init__.py:78]
2022-01-01 23:56:06,990 INFO: Calling after_request() for the Flask application... [in __init__.py:78]
2022-01-01 23:56:06,990 INFO: Calling teardown_request() for the Flask application... [in __init__.py:83]
2022-01-01 23:56:06,990 INFO: Calling teardown_request() for the Flask application... [in __init__.py:83]
2022-01-01 23:56:06,990 INFO: Calling teardown_appcontext() for the Flask application... [in __init__.py:87]
2022-01-01 23:56:06,990 INFO: Calling teardown_appcontext() for the Flask application... [in __init__.py:87]
2022-01-01 23:56:46,621 INFO: Starting the Flask Stock Portfolio App... [in __init__.py:58]
2022-01-01 23:56:58,394 INFO: Starting the Flask Stock Portfolio App... [in __init__.py:58]
2022-01-01 23:57:08,966 INFO: Starting the Flask Stock Portfolio App... [in __init__.py:58]
2022-01-02 11:45:32,590 INFO: Starting the Flask Stock Portfolio App... [in __init__.py:83]
2022-01-02 11:48:26,387 INFO: Calling teardown_appcontext() for the Flask application... [in __init__.py:112]
2022-01-02 11:52:40,037 INFO: Starting the Flask Stock Portfolio App... [in __init__.py:83]
2022-01-02 11:53:01,454 INFO: Starting the Flask Stock Portfolio App... [in __init__.py:83]
2022-01-02 13:22:43,620 INFO: Starting the Flask Stock Portfolio App... [in __init__.py:83]
2022-01-02 13:22:44,479 INFO: Starting the Flask Stock Portfolio App... [in __init__.py:83]
2022-01-02 13:24:10,851 INFO: Calling before_request() for the Flask application... [in __init__.py:99]
2022-01-02 13:24:10,851 INFO: Calling before_request() for the stocks blueprint... [in routes.py:47]
2022-01-02 13:24:10,851 INFO: Calling the index() function. [in routes.py:14]
2022-01-02 13:24:10,861 INFO: Calling after_request() for the stocks blueprint... [in routes.py:52]
2022-01-02 13:24:10,861 INFO: Calling after_request() for the Flask application... [in __init__.py:103]
2022-01-02 13:24:10,861 INFO: Calling teardown_request() for the stocks blueprint... [in routes.py:58]
2022-01-02 13:24:10,862 INFO: Calling teardown_request() for the Flask application... [in __init__.py:108]
2022-01-02 13:24:10,862 INFO: Calling teardown_appcontext() for the Flask application... [in __init__.py:112]
2022-01-02 13:24:10,881 INFO: Calling before_request() for the Flask application... [in __init__.py:99]
2022-01-02 13:24:10,887 INFO: Calling before_request() for the Flask application... [in __init__.py:99]
2022-01-02 13:24:10,894 INFO: Calling before_request() for the Flask application... [in __init__.py:99]
2022-01-02 13:24:10,972 INFO: Calling after_request() for the Flask application... [in __init__.py:103]
2022-01-02 13:24:10,973 INFO: Calling teardown_request() for the Flask application... [in __init__.py:108]
2022-01-02 13:24:10,973 INFO: Calling teardown_appcontext() for the Flask application... [in __init__.py:112]
2022-01-02 13:24:10,973 INFO: Calling after_request() for the Flask application... [in __init__.py:103]
2022-01-02 13:24:10,974 INFO: Calling teardown_request() for the Flask application... [in __init__.py:108]
2022-01-02 13:24:10,974 INFO: Calling teardown_appcontext() for the Flask application... [in __init__.py:112]
2022-01-02 13:24:10,974 INFO: Calling after_request() for the Flask application... [in __init__.py:103]
2022-01-02 13:24:10,975 INFO: Calling teardown_request() for the Flask application... [in __init__.py:108]
2022-01-02 13:24:10,975 INFO: Calling teardown_appcontext() for the Flask application... [in __init__.py:112]
2022-01-02 13:24:13,297 INFO: Calling before_request() for the Flask application... [in __init__.py:99]
2022-01-02 13:24:13,297 INFO: Calling before_request() for the stocks blueprint... [in routes.py:47]
2022-01-02 13:24:13,332 INFO: Calling after_request() for the stocks blueprint... [in routes.py:52]
2022-01-02 13:24:13,333 INFO: Calling after_request() for the Flask application... [in __init__.py:103]
2022-01-02 13:24:13,333 INFO: Calling teardown_request() for the stocks blueprint... [in routes.py:58]
2022-01-02 13:24:13,333 INFO: Calling teardown_request() for the Flask application... [in __init__.py:108]
2022-01-02 13:24:13,333 INFO: Calling teardown_appcontext() for the Flask application... [in __init__.py:112]
2022-01-02 13:24:13,364 INFO: Calling before_request() for the Flask application... [in __init__.py:99]
2022-01-02 13:24:13,370 INFO: Calling before_request() for the Flask application... [in __init__.py:99]
2022-01-02 13:24:13,372 INFO: Calling after_request() for the Flask application... [in __init__.py:103]
2022-01-02 13:24:13,372 INFO: Calling teardown_request() for the Flask application... [in __init__.py:108]
2022-01-02 13:24:13,372 INFO: Calling teardown_appcontext() for the Flask application... [in __init__.py:112]
2022-01-02 13:24:13,373 INFO: Calling after_request() for the Flask application... [in __init__.py:103]
2022-01-02 13:24:13,374 INFO: Calling teardown_request() for the Flask application... [in __init__.py:108]
2022-01-02 13:24:13,374 INFO: Calling teardown_appcontext() for the Flask application... [in __init__.py:112]
2022-01-02 13:24:15,263 INFO: Calling before_request() for the Flask application... [in __init__.py:99]
2022-01-02 13:24:15,263 INFO: Calling before_request() for the stocks blueprint... [in routes.py:47]
2022-01-02 13:24:15,263 INFO: Calling the index() function. [in routes.py:14]
2022-01-02 13:24:15,264 INFO: Calling after_request() for the stocks blueprint... [in routes.py:52]
2022-01-02 13:24:15,264 INFO: Calling after_request() for the Flask application... [in __init__.py:103]
2022-01-02 13:24:15,264 INFO: Calling teardown_request() for the stocks blueprint... [in routes.py:58]
2022-01-02 13:24:15,265 INFO: Calling teardown_request() for the Flask application... [in __init__.py:108]
2022-01-02 13:24:15,265 INFO: Calling teardown_appcontext() for the Flask application... [in __init__.py:112]
2022-01-02 13:24:15,311 INFO: Calling before_request() for the Flask application... [in __init__.py:99]
2022-01-02 13:24:15,312 INFO: Calling before_request() for the Flask application... [in __init__.py:99]
2022-01-02 13:24:15,313 INFO: Calling before_request() for the Flask application... [in __init__.py:99]
2022-01-02 13:24:15,314 INFO: Calling after_request() for the Flask application... [in __init__.py:103]
2022-01-02 13:24:15,314 INFO: Calling after_request() for the Flask application... [in __init__.py:103]
2022-01-02 13:24:15,315 INFO: Calling teardown_request() for the Flask application... [in __init__.py:108]
2022-01-02 13:24:15,316 INFO: Calling teardown_request() for the Flask application... [in __init__.py:108]
2022-01-02 13:24:15,319 INFO: Calling after_request() for the Flask application... [in __init__.py:103]
2022-01-02 13:24:15,319 INFO: Calling teardown_appcontext() for the Flask application... [in __init__.py:112]
2022-01-02 13:24:15,319 INFO: Calling teardown_appcontext() for the Flask application... [in __init__.py:112]
2022-01-02 13:24:15,320 INFO: Calling teardown_request() for the Flask application... [in __init__.py:108]
2022-01-02 13:24:15,321 INFO: Calling teardown_appcontext() for the Flask application... [in __init__.py:112]
2022-01-02 13:24:16,712 INFO: Calling before_request() for the Flask application... [in __init__.py:99]
2022-01-02 13:24:16,712 INFO: Calling before_request() for the stocks blueprint... [in routes.py:47]
2022-01-02 13:24:16,715 INFO: Calling after_request() for the stocks blueprint... [in routes.py:52]
2022-01-02 13:24:16,716 INFO: Calling after_request() for the Flask application... [in __init__.py:103]
2022-01-02 13:24:16,716 INFO: Calling teardown_request() for the stocks blueprint... [in routes.py:58]
2022-01-02 13:24:16,716 INFO: Calling teardown_request() for the Flask application... [in __init__.py:108]
2022-01-02 13:24:16,716 INFO: Calling teardown_appcontext() for the Flask application... [in __init__.py:112]
2022-01-02 13:24:16,801 INFO: Calling before_request() for the Flask application... [in __init__.py:99]
2022-01-02 13:24:16,802 INFO: Calling before_request() for the Flask application... [in __init__.py:99]
2022-01-02 13:24:16,803 INFO: Calling after_request() for the Flask application... [in __init__.py:103]
2022-01-02 13:24:16,803 INFO: Calling after_request() for the Flask application... [in __init__.py:103]
2022-01-02 13:24:16,803 INFO: Calling teardown_request() for the Flask application... [in __init__.py:108]
2022-01-02 13:24:16,804 INFO: Calling teardown_request() for the Flask application... [in __init__.py:108]
2022-01-02 13:24:16,804 INFO: Calling teardown_appcontext() for the Flask application... [in __init__.py:112]
2022-01-02 13:24:16,804 INFO: Calling teardown_appcontext() for the Flask application... [in __init__.py:112]
2022-01-02 13:24:19,492 INFO: Calling before_request() for the Flask application... [in __init__.py:99]
2022-01-02 13:24:19,492 INFO: Calling before_request() for the stocks blueprint... [in routes.py:47]
2022-01-02 13:24:19,492 INFO: Calling the index() function. [in routes.py:14]
2022-01-02 13:24:19,493 INFO: Calling after_request() for the stocks blueprint... [in routes.py:52]
2022-01-02 13:24:19,493 INFO: Calling after_request() for the Flask application... [in __init__.py:103]
2022-01-02 13:24:19,493 INFO: Calling teardown_request() for the stocks blueprint... [in routes.py:58]
2022-01-02 13:24:19,494 INFO: Calling teardown_request() for the Flask application... [in __init__.py:108]
2022-01-02 13:24:19,494 INFO: Calling teardown_appcontext() for the Flask application... [in __init__.py:112]
2022-01-02 13:24:19,514 INFO: Calling before_request() for the Flask application... [in __init__.py:99]
2022-01-02 13:24:19,515 INFO: Calling before_request() for the Flask application... [in __init__.py:99]
2022-01-02 13:24:19,516 INFO: Calling before_request() for the Flask application... [in __init__.py:99]
2022-01-02 13:24:19,516 INFO: Calling after_request() for the Flask application... [in __init__.py:103]
2022-01-02 13:24:19,517 INFO: Calling teardown_request() for the Flask application... [in __init__.py:108]
2022-01-02 13:24:19,517 INFO: Calling teardown_appcontext() for the Flask application... [in __init__.py:112]
2022-01-02 13:24:19,517 INFO: Calling after_request() for the Flask application... [in __init__.py:103]
2022-01-02 13:24:19,518 INFO: Calling teardown_request() for the Flask application... [in __init__.py:108]
2022-01-02 13:24:19,518 INFO: Calling teardown_appcontext() for the Flask application... [in __init__.py:112]
