2022-01-01 20:23:49,142 INFO: Starting the Flask Stock Portfolio App... [in __init__.py:56]
2022-01-01 20:23:49,550 INFO: Starting the Flask Stock Portfolio App... [in __init__.py:56]
2022-01-01 20:23:55,373 INFO: Calling before_request() for the Flask application... [in __init__.py:72]
2022-01-01 20:23:55,373 INFO: Calling before_request() for the stocks blueprint... [in routes.py:40]
2022-01-01 20:23:55,373 INFO: Calling the index() function. [in routes.py:11]
2022-01-01 20:23:55,388 INFO: Calling after_request() for the stocks blueprint... [in routes.py:45]
2022-01-01 20:23:55,388 INFO: Calling after_request() for the Flask application... [in __init__.py:76]
2022-01-01 20:23:55,398 INFO: Calling teardown_request() for the stocks blueprint... [in routes.py:51]
2022-01-01 20:23:55,398 INFO: Calling teardown_request() for the Flask application... [in __init__.py:81]
2022-01-01 20:23:55,398 INFO: Calling teardown_appcontext() for the Flask application... [in __init__.py:85]
2022-01-01 20:23:55,410 INFO: Calling before_request() for the Flask application... [in __init__.py:72]
2022-01-01 20:23:55,411 INFO: Calling before_request() for the Flask application... [in __init__.py:72]
2022-01-01 20:23:55,414 INFO: Calling before_request() for the Flask application... [in __init__.py:72]
2022-01-01 20:23:55,489 INFO: Calling after_request() for the Flask application... [in __init__.py:76]
2022-01-01 20:23:55,489 INFO: Calling teardown_request() for the Flask application... [in __init__.py:81]
2022-01-01 20:23:55,489 INFO: Calling teardown_appcontext() for the Flask application... [in __init__.py:85]
2022-01-01 20:23:55,490 INFO: Calling after_request() for the Flask application... [in __init__.py:76]
2022-01-01 20:23:55,490 INFO: Calling teardown_request() for the Flask application... [in __init__.py:81]
2022-01-01 20:23:55,491 INFO: Calling teardown_appcontext() for the Flask application... [in __init__.py:85]
2022-01-01 20:23:55,492 INFO: Calling after_request() for the Flask application... [in __init__.py:76]
2022-01-01 20:23:55,492 INFO: Calling teardown_request() for the Flask application... [in __init__.py:81]
2022-01-01 20:23:55,492 INFO: Calling teardown_appcontext() for the Flask application... [in __init__.py:85]
2022-01-01 20:24:04,232 INFO: Calling before_request() for the Flask application... [in __init__.py:72]
2022-01-01 20:24:04,232 INFO: Calling before_request() for the stocks blueprint... [in routes.py:40]
2022-01-01 20:24:04,238 INFO: Calling after_request() for the stocks blueprint... [in routes.py:45]
2022-01-01 20:24:04,238 INFO: Calling after_request() for the Flask application... [in __init__.py:76]
2022-01-01 20:24:04,238 INFO: Calling teardown_request() for the stocks blueprint... [in routes.py:51]
2022-01-01 20:24:04,238 INFO: Calling teardown_request() for the Flask application... [in __init__.py:81]
2022-01-01 20:24:04,239 INFO: Calling teardown_appcontext() for the Flask application... [in __init__.py:85]
2022-01-01 20:24:04,253 INFO: Calling before_request() for the Flask application... [in __init__.py:72]
2022-01-01 20:24:04,257 INFO: Calling before_request() for the Flask application... [in __init__.py:72]
2022-01-01 20:24:04,261 INFO: Calling after_request() for the Flask application... [in __init__.py:76]
2022-01-01 20:24:04,262 INFO: Calling after_request() for the Flask application... [in __init__.py:76]
2022-01-01 20:24:04,262 INFO: Calling teardown_request() for the Flask application... [in __init__.py:81]
2022-01-01 20:24:04,262 INFO: Calling teardown_request() for the Flask application... [in __init__.py:81]
2022-01-01 20:24:04,262 INFO: Calling teardown_appcontext() for the Flask application... [in __init__.py:85]
2022-01-01 20:24:04,262 INFO: Calling teardown_appcontext() for the Flask application... [in __init__.py:85]
2022-01-01 20:24:05,825 INFO: Calling before_request() for the Flask application... [in __init__.py:72]
2022-01-01 20:24:05,825 INFO: Calling before_request() for the stocks blueprint... [in routes.py:40]
2022-01-01 20:24:05,829 INFO: Calling after_request() for the stocks blueprint... [in routes.py:45]
2022-01-01 20:24:05,829 INFO: Calling after_request() for the Flask application... [in __init__.py:76]
2022-01-01 20:24:05,829 INFO: Calling teardown_request() for the stocks blueprint... [in routes.py:51]
2022-01-01 20:24:05,829 INFO: Calling teardown_request() for the Flask application... [in __init__.py:81]
2022-01-01 20:24:05,830 INFO: Calling teardown_appcontext() for the Flask application... [in __init__.py:85]
2022-01-01 20:24:05,845 INFO: Calling before_request() for the Flask application... [in __init__.py:72]
2022-01-01 20:24:05,846 INFO: Calling before_request() for the Flask application... [in __init__.py:72]
2022-01-01 20:24:05,847 INFO: Calling after_request() for the Flask application... [in __init__.py:76]
2022-01-01 20:24:05,847 INFO: Calling after_request() for the Flask application... [in __init__.py:76]
2022-01-01 20:24:05,847 INFO: Calling teardown_request() for the Flask application... [in __init__.py:81]
2022-01-01 20:24:05,847 INFO: Calling teardown_request() for the Flask application... [in __init__.py:81]
2022-01-01 20:24:05,848 INFO: Calling teardown_appcontext() for the Flask application... [in __init__.py:85]
2022-01-01 20:24:05,848 INFO: Calling teardown_appcontext() for the Flask application... [in __init__.py:85]
2022-01-01 20:24:07,568 INFO: Calling before_request() for the Flask application... [in __init__.py:72]
2022-01-01 20:24:07,568 INFO: Calling before_request() for the stocks blueprint... [in routes.py:40]
2022-01-01 20:24:07,569 INFO: Calling after_request() for the stocks blueprint... [in routes.py:45]
2022-01-01 20:24:07,569 INFO: Calling after_request() for the Flask application... [in __init__.py:76]
2022-01-01 20:24:07,569 INFO: Calling teardown_request() for the stocks blueprint... [in routes.py:51]
2022-01-01 20:24:07,569 INFO: Calling teardown_request() for the Flask application... [in __init__.py:81]
2022-01-01 20:24:07,569 INFO: Calling teardown_appcontext() for the Flask application... [in __init__.py:85]
2022-01-01 20:24:07,600 INFO: Calling before_request() for the Flask application... [in __init__.py:72]
2022-01-01 20:24:07,601 INFO: Calling before_request() for the Flask application... [in __init__.py:72]
2022-01-01 20:24:07,602 INFO: Calling after_request() for the Flask application... [in __init__.py:76]
2022-01-01 20:24:07,602 INFO: Calling after_request() for the Flask application... [in __init__.py:76]
2022-01-01 20:24:07,602 INFO: Calling teardown_request() for the Flask application... [in __init__.py:81]
2022-01-01 20:24:07,602 INFO: Calling teardown_request() for the Flask application... [in __init__.py:81]
2022-01-01 20:24:07,602 INFO: Calling teardown_appcontext() for the Flask application... [in __init__.py:85]
2022-01-01 20:24:07,602 INFO: Calling teardown_appcontext() for the Flask application... [in __init__.py:85]
2022-01-01 20:24:13,939 INFO: Calling before_request() for the Flask application... [in __init__.py:72]
2022-01-01 20:24:13,941 INFO: Calling after_request() for the Flask application... [in __init__.py:76]
2022-01-01 20:24:13,941 INFO: Calling teardown_request() for the Flask application... [in __init__.py:81]
2022-01-01 20:24:13,942 INFO: Calling teardown_appcontext() for the Flask application... [in __init__.py:85]
2022-01-01 20:24:13,956 INFO: Calling before_request() for the Flask application... [in __init__.py:72]
2022-01-01 20:24:13,957 INFO: Calling after_request() for the Flask application... [in __init__.py:76]
2022-01-01 20:24:13,957 INFO: Calling teardown_request() for the Flask application... [in __init__.py:81]
2022-01-01 20:24:13,957 INFO: Calling teardown_appcontext() for the Flask application... [in __init__.py:85]
2022-01-01 20:24:28,084 INFO: Calling before_request() for the Flask application... [in __init__.py:72]
2022-01-01 20:24:28,085 INFO: Calling before_request() for the stocks blueprint... [in routes.py:40]
2022-01-01 20:24:28,086 INFO: Calling after_request() for the stocks blueprint... [in routes.py:45]
2022-01-01 20:24:28,086 INFO: Calling after_request() for the Flask application... [in __init__.py:76]
2022-01-01 20:24:28,086 INFO: Calling teardown_request() for the stocks blueprint... [in routes.py:51]
2022-01-01 20:24:28,087 INFO: Calling teardown_request() for the Flask application... [in __init__.py:81]
2022-01-01 20:24:28,087 INFO: Calling teardown_appcontext() for the Flask application... [in __init__.py:85]
2022-01-01 20:24:28,102 INFO: Calling before_request() for the Flask application... [in __init__.py:72]
2022-01-01 20:24:28,104 INFO: Calling before_request() for the Flask application... [in __init__.py:72]
2022-01-01 20:24:28,106 INFO: Calling after_request() for the Flask application... [in __init__.py:76]
2022-01-01 20:24:28,106 INFO: Calling teardown_request() for the Flask application... [in __init__.py:81]
2022-01-01 20:24:28,106 INFO: Calling after_request() for the Flask application... [in __init__.py:76]
2022-01-01 20:24:28,106 INFO: Calling teardown_appcontext() for the Flask application... [in __init__.py:85]
2022-01-01 20:24:28,107 INFO: Calling teardown_request() for the Flask application... [in __init__.py:81]
2022-01-01 20:24:28,107 INFO: Calling teardown_appcontext() for the Flask application... [in __init__.py:85]
2022-01-01 20:24:30,513 INFO: Calling before_request() for the Flask application... [in __init__.py:72]
2022-01-01 20:24:30,514 INFO: Calling after_request() for the Flask application... [in __init__.py:76]
2022-01-01 20:24:30,514 INFO: Calling teardown_request() for the Flask application... [in __init__.py:81]
2022-01-01 20:24:30,515 INFO: Calling teardown_appcontext() for the Flask application... [in __init__.py:85]
2022-01-01 20:24:30,529 INFO: Calling before_request() for the Flask application... [in __init__.py:72]
2022-01-01 20:24:30,529 INFO: Calling after_request() for the Flask application... [in __init__.py:76]
2022-01-01 20:24:30,530 INFO: Calling teardown_request() for the Flask application... [in __init__.py:81]
2022-01-01 20:24:30,530 INFO: Calling teardown_appcontext() for the Flask application... [in __init__.py:85]
2022-01-01 20:24:51,099 INFO: Calling before_request() for the Flask application... [in __init__.py:72]
2022-01-01 20:24:51,101 INFO: Calling after_request() for the Flask application... [in __init__.py:76]
2022-01-01 20:24:51,101 INFO: Calling teardown_request() for the Flask application... [in __init__.py:81]
2022-01-01 20:24:51,101 INFO: Calling teardown_appcontext() for the Flask application... [in __init__.py:85]
2022-01-01 20:24:51,113 INFO: Calling before_request() for the Flask application... [in __init__.py:72]
2022-01-01 20:24:51,113 INFO: Calling after_request() for the Flask application... [in __init__.py:76]
2022-01-01 20:24:51,114 INFO: Calling teardown_request() for the Flask application... [in __init__.py:81]
2022-01-01 20:24:51,114 INFO: Calling teardown_appcontext() for the Flask application... [in __init__.py:85]
