2022-01-02 17:03:28,122 INFO: Starting the Flask Stock Portfolio App... [in __init__.py:101]
2022-01-02 17:03:28,982 INFO: Starting the Flask Stock Portfolio App... [in __init__.py:101]
2022-01-02 17:03:48,189 INFO: Calling before_request() for the Flask application... [in __init__.py:117]
2022-01-02 17:03:48,190 INFO: Calling before_request() for the stocks blueprint... [in routes.py:47]
2022-01-02 17:03:48,190 INFO: Calling the index() function. [in routes.py:14]
2022-01-02 17:03:48,204 INFO: Calling after_request() for the stocks blueprint... [in routes.py:52]
2022-01-02 17:03:48,204 INFO: Calling after_request() for the Flask application... [in __init__.py:121]
2022-01-02 17:03:48,215 INFO: Calling teardown_request() for the stocks blueprint... [in routes.py:58]
2022-01-02 17:03:48,215 INFO: Calling teardown_request() for the Flask application... [in __init__.py:126]
2022-01-02 17:03:48,215 INFO: Calling teardown_appcontext() for the Flask application... [in __init__.py:130]
2022-01-02 17:03:48,231 INFO: Calling before_request() for the Flask application... [in __init__.py:117]
2022-01-02 17:03:48,267 INFO: Calling after_request() for the Flask application... [in __init__.py:121]
2022-01-02 17:03:48,268 INFO: Calling teardown_request() for the Flask application... [in __init__.py:126]
2022-01-02 17:03:48,268 INFO: Calling teardown_appcontext() for the Flask application... [in __init__.py:130]
2022-01-02 17:03:48,429 INFO: Calling before_request() for the Flask application... [in __init__.py:117]
2022-01-02 17:03:48,429 INFO: Calling after_request() for the Flask application... [in __init__.py:121]
2022-01-02 17:03:48,430 INFO: Calling teardown_request() for the Flask application... [in __init__.py:126]
2022-01-02 17:03:48,430 INFO: Calling teardown_appcontext() for the Flask application... [in __init__.py:130]
2022-01-02 17:03:48,544 INFO: Calling before_request() for the Flask application... [in __init__.py:117]
2022-01-02 17:03:48,545 INFO: Calling after_request() for the Flask application... [in __init__.py:121]
2022-01-02 17:03:48,546 INFO: Calling teardown_request() for the Flask application... [in __init__.py:126]
2022-01-02 17:03:48,546 INFO: Calling teardown_appcontext() for the Flask application... [in __init__.py:130]
2022-01-02 17:03:50,190 INFO: Calling before_request() for the Flask application... [in __init__.py:117]
2022-01-02 17:03:50,195 INFO: Calling after_request() for the Flask application... [in __init__.py:121]
2022-01-02 17:03:50,196 INFO: Calling teardown_request() for the Flask application... [in __init__.py:126]
2022-01-02 17:03:50,196 INFO: Calling teardown_appcontext() for the Flask application... [in __init__.py:130]
2022-01-02 17:03:50,211 INFO: Calling before_request() for the Flask application... [in __init__.py:117]
2022-01-02 17:03:50,212 INFO: Calling after_request() for the Flask application... [in __init__.py:121]
2022-01-02 17:03:50,213 INFO: Calling teardown_request() for the Flask application... [in __init__.py:126]
2022-01-02 17:03:50,213 INFO: Calling teardown_appcontext() for the Flask application... [in __init__.py:130]
2022-01-02 17:03:50,457 INFO: Calling before_request() for the Flask application... [in __init__.py:117]
2022-01-02 17:03:50,459 INFO: Calling after_request() for the Flask application... [in __init__.py:121]
2022-01-02 17:03:50,459 INFO: Calling teardown_request() for the Flask application... [in __init__.py:126]
2022-01-02 17:03:50,460 INFO: Calling teardown_appcontext() for the Flask application... [in __init__.py:130]
2022-01-02 17:03:57,681 INFO: Calling before_request() for the Flask application... [in __init__.py:117]
2022-01-02 17:04:21,304 INFO: Calling before_request() for the Flask application... [in __init__.py:117]
2022-01-02 17:04:21,306 INFO: Calling after_request() for the Flask application... [in __init__.py:121]
2022-01-02 17:04:21,306 INFO: Calling teardown_request() for the Flask application... [in __init__.py:126]
2022-01-02 17:04:21,306 INFO: Calling teardown_appcontext() for the Flask application... [in __init__.py:130]
2022-01-02 17:04:25,990 INFO: Calling before_request() for the Flask application... [in __init__.py:117]
2022-01-02 17:04:27,604 INFO: Registered new user: saidul.islam@gmail.com! [in routes.py:46]
2022-01-02 17:05:27,203 INFO: Starting the Flask Stock Portfolio App... [in __init__.py:101]
2022-01-02 17:05:30,995 INFO: Starting the Flask Stock Portfolio App... [in __init__.py:101]
2022-01-02 17:05:31,927 INFO: Starting the Flask Stock Portfolio App... [in __init__.py:101]
2022-01-02 17:05:41,153 INFO: Calling before_request() for the Flask application... [in __init__.py:117]
2022-01-02 17:05:41,154 INFO: Calling before_request() for the stocks blueprint... [in routes.py:47]
2022-01-02 17:05:41,154 INFO: Calling the index() function. [in routes.py:14]
2022-01-02 17:05:41,165 INFO: Calling after_request() for the stocks blueprint... [in routes.py:52]
2022-01-02 17:05:41,165 INFO: Calling after_request() for the Flask application... [in __init__.py:121]
2022-01-02 17:05:41,166 INFO: Calling teardown_request() for the stocks blueprint... [in routes.py:58]
2022-01-02 17:05:41,166 INFO: Calling teardown_request() for the Flask application... [in __init__.py:126]
2022-01-02 17:05:41,166 INFO: Calling teardown_appcontext() for the Flask application... [in __init__.py:130]
2022-01-02 17:05:41,182 INFO: Calling before_request() for the Flask application... [in __init__.py:117]
2022-01-02 17:05:41,218 INFO: Calling after_request() for the Flask application... [in __init__.py:121]
2022-01-02 17:05:41,218 INFO: Calling teardown_request() for the Flask application... [in __init__.py:126]
2022-01-02 17:05:41,218 INFO: Calling teardown_appcontext() for the Flask application... [in __init__.py:130]
2022-01-02 17:05:41,416 INFO: Calling before_request() for the Flask application... [in __init__.py:117]
2022-01-02 17:05:41,416 INFO: Calling after_request() for the Flask application... [in __init__.py:121]
2022-01-02 17:05:41,416 INFO: Calling teardown_request() for the Flask application... [in __init__.py:126]
2022-01-02 17:05:41,417 INFO: Calling teardown_appcontext() for the Flask application... [in __init__.py:130]
2022-01-02 17:05:41,493 INFO: Calling before_request() for the Flask application... [in __init__.py:117]
2022-01-02 17:05:41,494 INFO: Calling after_request() for the Flask application... [in __init__.py:121]
2022-01-02 17:05:41,495 INFO: Calling teardown_request() for the Flask application... [in __init__.py:126]
2022-01-02 17:05:41,495 INFO: Calling teardown_appcontext() for the Flask application... [in __init__.py:130]
2022-01-02 17:05:44,359 INFO: Calling before_request() for the Flask application... [in __init__.py:117]
2022-01-02 17:05:44,365 INFO: Calling after_request() for the Flask application... [in __init__.py:121]
2022-01-02 17:05:44,366 INFO: Calling teardown_request() for the Flask application... [in __init__.py:126]
2022-01-02 17:05:44,366 INFO: Calling teardown_appcontext() for the Flask application... [in __init__.py:130]
2022-01-02 17:05:44,379 INFO: Calling before_request() for the Flask application... [in __init__.py:117]
2022-01-02 17:05:44,380 INFO: Calling after_request() for the Flask application... [in __init__.py:121]
2022-01-02 17:05:44,381 INFO: Calling teardown_request() for the Flask application... [in __init__.py:126]
2022-01-02 17:05:44,381 INFO: Calling teardown_appcontext() for the Flask application... [in __init__.py:130]
2022-01-02 17:05:44,624 INFO: Calling before_request() for the Flask application... [in __init__.py:117]
2022-01-02 17:05:44,625 INFO: Calling after_request() for the Flask application... [in __init__.py:121]
2022-01-02 17:05:44,625 INFO: Calling teardown_request() for the Flask application... [in __init__.py:126]
2022-01-02 17:05:44,625 INFO: Calling teardown_appcontext() for the Flask application... [in __init__.py:130]
2022-01-02 17:05:52,458 INFO: Calling before_request() for the Flask application... [in __init__.py:117]
2022-01-02 17:05:54,141 INFO: Registered new user: sislam@radial.com! [in routes.py:46]
2022-01-02 17:07:52,680 INFO: Starting the Flask Stock Portfolio App... [in __init__.py:101]
2022-01-02 17:07:59,274 INFO: Starting the Flask Stock Portfolio App... [in __init__.py:101]
2022-01-02 17:08:00,230 INFO: Starting the Flask Stock Portfolio App... [in __init__.py:101]
2022-01-02 17:08:46,187 INFO: Calling before_request() for the Flask application... [in __init__.py:117]
2022-01-02 17:08:46,188 INFO: Calling before_request() for the stocks blueprint... [in routes.py:47]
2022-01-02 17:08:46,188 INFO: Calling the index() function. [in routes.py:14]
2022-01-02 17:08:46,197 INFO: Calling after_request() for the stocks blueprint... [in routes.py:52]
2022-01-02 17:08:46,197 INFO: Calling after_request() for the Flask application... [in __init__.py:121]
2022-01-02 17:08:46,198 INFO: Calling teardown_request() for the stocks blueprint... [in routes.py:58]
2022-01-02 17:08:46,198 INFO: Calling teardown_request() for the Flask application... [in __init__.py:126]
2022-01-02 17:08:46,198 INFO: Calling teardown_appcontext() for the Flask application... [in __init__.py:130]
2022-01-02 17:08:46,217 INFO: Calling before_request() for the Flask application... [in __init__.py:117]
2022-01-02 17:08:46,256 INFO: Calling after_request() for the Flask application... [in __init__.py:121]
2022-01-02 17:08:46,256 INFO: Calling teardown_request() for the Flask application... [in __init__.py:126]
2022-01-02 17:08:46,256 INFO: Calling teardown_appcontext() for the Flask application... [in __init__.py:130]
2022-01-02 17:08:46,440 INFO: Calling before_request() for the Flask application... [in __init__.py:117]
2022-01-02 17:08:46,444 INFO: Calling after_request() for the Flask application... [in __init__.py:121]
2022-01-02 17:08:46,445 INFO: Calling teardown_request() for the Flask application... [in __init__.py:126]
2022-01-02 17:08:46,447 INFO: Calling teardown_appcontext() for the Flask application... [in __init__.py:130]
2022-01-02 17:08:46,530 INFO: Calling before_request() for the Flask application... [in __init__.py:117]
2022-01-02 17:08:46,530 INFO: Calling after_request() for the Flask application... [in __init__.py:121]
2022-01-02 17:08:46,531 INFO: Calling teardown_request() for the Flask application... [in __init__.py:126]
2022-01-02 17:08:46,531 INFO: Calling teardown_appcontext() for the Flask application... [in __init__.py:130]
2022-01-02 17:08:48,459 INFO: Calling before_request() for the Flask application... [in __init__.py:117]
2022-01-02 17:08:48,470 INFO: Calling after_request() for the Flask application... [in __init__.py:121]
2022-01-02 17:08:48,471 INFO: Calling teardown_request() for the Flask application... [in __init__.py:126]
2022-01-02 17:08:48,471 INFO: Calling teardown_appcontext() for the Flask application... [in __init__.py:130]
2022-01-02 17:08:48,486 INFO: Calling before_request() for the Flask application... [in __init__.py:117]
2022-01-02 17:08:48,487 INFO: Calling after_request() for the Flask application... [in __init__.py:121]
2022-01-02 17:08:48,487 INFO: Calling teardown_request() for the Flask application... [in __init__.py:126]
2022-01-02 17:08:48,488 INFO: Calling teardown_appcontext() for the Flask application... [in __init__.py:130]
2022-01-02 17:08:48,709 INFO: Calling before_request() for the Flask application... [in __init__.py:117]
2022-01-02 17:08:48,710 INFO: Calling after_request() for the Flask application... [in __init__.py:121]
2022-01-02 17:08:48,710 INFO: Calling teardown_request() for the Flask application... [in __init__.py:126]
2022-01-02 17:08:48,711 INFO: Calling teardown_appcontext() for the Flask application... [in __init__.py:130]
2022-01-02 17:08:54,486 INFO: Calling before_request() for the Flask application... [in __init__.py:117]
2022-01-02 17:08:56,117 INFO: Registered new user: saidul.islam@gmail.com! [in routes.py:46]
2022-01-02 17:08:56,527 INFO: Calling after_request() for the Flask application... [in __init__.py:121]
2022-01-02 17:08:56,528 INFO: Calling teardown_request() for the Flask application... [in __init__.py:126]
2022-01-02 17:08:56,529 INFO: Calling teardown_appcontext() for the Flask application... [in __init__.py:130]
2022-01-02 17:08:56,534 INFO: Calling before_request() for the Flask application... [in __init__.py:117]
2022-01-02 17:08:56,540 INFO: Calling after_request() for the Flask application... [in __init__.py:121]
2022-01-02 17:08:56,540 INFO: Calling teardown_request() for the Flask application... [in __init__.py:126]
2022-01-02 17:08:56,540 INFO: Calling teardown_appcontext() for the Flask application... [in __init__.py:130]
2022-01-02 17:08:56,556 INFO: Calling before_request() for the Flask application... [in __init__.py:117]
2022-01-02 17:08:56,557 INFO: Calling after_request() for the Flask application... [in __init__.py:121]
2022-01-02 17:08:56,558 INFO: Calling teardown_request() for the Flask application... [in __init__.py:126]
2022-01-02 17:08:56,558 INFO: Calling teardown_appcontext() for the Flask application... [in __init__.py:130]
2022-01-02 17:08:56,862 INFO: Calling before_request() for the Flask application... [in __init__.py:117]
2022-01-02 17:08:56,864 INFO: Calling after_request() for the Flask application... [in __init__.py:121]
2022-01-02 17:08:56,864 INFO: Calling teardown_request() for the Flask application... [in __init__.py:126]
2022-01-02 17:08:56,864 INFO: Calling teardown_appcontext() for the Flask application... [in __init__.py:130]
2022-01-02 17:10:16,931 INFO: Starting the Flask Stock Portfolio App... [in __init__.py:101]
2022-01-02 17:11:18,817 INFO: Starting the Flask Stock Portfolio App... [in __init__.py:101]
2022-01-02 17:11:19,685 INFO: Starting the Flask Stock Portfolio App... [in __init__.py:101]
