2022-01-02 23:32:44,275 INFO: Starting the Flask Stock Portfolio App... [in __init__.py:101]
2022-01-02 23:32:45,174 INFO: Starting the Flask Stock Portfolio App... [in __init__.py:101]
2022-01-02 23:33:03,078 INFO: Calling before_request() for the Flask application... [in __init__.py:117]
2022-01-02 23:33:03,078 INFO: Calling before_request() for the stocks blueprint... [in routes.py:47]
2022-01-02 23:33:03,078 INFO: Calling the index() function. [in routes.py:14]
2022-01-02 23:33:03,121 INFO: Calling after_request() for the stocks blueprint... [in routes.py:52]
2022-01-02 23:33:03,121 INFO: Calling after_request() for the Flask application... [in __init__.py:121]
2022-01-02 23:33:03,123 INFO: Calling teardown_request() for the stocks blueprint... [in routes.py:58]
2022-01-02 23:33:03,123 INFO: Calling teardown_request() for the Flask application... [in __init__.py:126]
2022-01-02 23:33:03,123 INFO: Calling teardown_appcontext() for the Flask application... [in __init__.py:130]
2022-01-02 23:33:03,143 INFO: Calling before_request() for the Flask application... [in __init__.py:117]
2022-01-02 23:33:03,178 INFO: Calling after_request() for the Flask application... [in __init__.py:121]
2022-01-02 23:33:03,178 INFO: Calling teardown_request() for the Flask application... [in __init__.py:126]
2022-01-02 23:33:03,178 INFO: Calling teardown_appcontext() for the Flask application... [in __init__.py:130]
2022-01-02 23:33:03,343 INFO: Calling before_request() for the Flask application... [in __init__.py:117]
2022-01-02 23:33:03,344 INFO: Calling after_request() for the Flask application... [in __init__.py:121]
2022-01-02 23:33:03,344 INFO: Calling teardown_request() for the Flask application... [in __init__.py:126]
2022-01-02 23:33:03,344 INFO: Calling teardown_appcontext() for the Flask application... [in __init__.py:130]
2022-01-02 23:33:03,453 INFO: Calling before_request() for the Flask application... [in __init__.py:117]
2022-01-02 23:33:03,454 INFO: Calling after_request() for the Flask application... [in __init__.py:121]
2022-01-02 23:33:03,454 INFO: Calling teardown_request() for the Flask application... [in __init__.py:126]
2022-01-02 23:33:03,454 INFO: Calling teardown_appcontext() for the Flask application... [in __init__.py:130]
2022-01-02 23:33:05,605 INFO: Calling before_request() for the Flask application... [in __init__.py:117]
2022-01-02 23:33:05,609 INFO: Logged out user: saidul.islam@gmail.com [in routes.py:112]
2022-01-02 23:33:05,609 INFO: Calling after_request() for the Flask application... [in __init__.py:121]
2022-01-02 23:33:05,610 INFO: Calling teardown_request() for the Flask application... [in __init__.py:126]
2022-01-02 23:33:05,611 INFO: Calling teardown_appcontext() for the Flask application... [in __init__.py:130]
2022-01-02 23:33:05,620 INFO: Calling before_request() for the Flask application... [in __init__.py:117]
2022-01-02 23:33:05,620 INFO: Calling before_request() for the stocks blueprint... [in routes.py:47]
2022-01-02 23:33:05,620 INFO: Calling the index() function. [in routes.py:14]
2022-01-02 23:33:05,621 INFO: Calling after_request() for the stocks blueprint... [in routes.py:52]
2022-01-02 23:33:05,621 INFO: Calling after_request() for the Flask application... [in __init__.py:121]
2022-01-02 23:33:05,622 INFO: Calling teardown_request() for the stocks blueprint... [in routes.py:58]
2022-01-02 23:33:05,622 INFO: Calling teardown_request() for the Flask application... [in __init__.py:126]
2022-01-02 23:33:05,622 INFO: Calling teardown_appcontext() for the Flask application... [in __init__.py:130]
2022-01-02 23:33:05,869 INFO: Calling before_request() for the Flask application... [in __init__.py:117]
2022-01-02 23:33:05,870 INFO: Calling after_request() for the Flask application... [in __init__.py:121]
2022-01-02 23:33:05,870 INFO: Calling teardown_request() for the Flask application... [in __init__.py:126]
2022-01-02 23:33:05,870 INFO: Calling teardown_appcontext() for the Flask application... [in __init__.py:130]
2022-01-02 23:33:05,946 INFO: Calling before_request() for the Flask application... [in __init__.py:117]
2022-01-02 23:33:05,947 INFO: Calling before_request() for the Flask application... [in __init__.py:117]
2022-01-02 23:33:05,948 INFO: Calling after_request() for the Flask application... [in __init__.py:121]
2022-01-02 23:33:05,948 INFO: Calling teardown_request() for the Flask application... [in __init__.py:126]
2022-01-02 23:33:05,948 INFO: Calling teardown_appcontext() for the Flask application... [in __init__.py:130]
2022-01-02 23:33:05,948 INFO: Calling after_request() for the Flask application... [in __init__.py:121]
2022-01-02 23:33:05,949 INFO: Calling teardown_request() for the Flask application... [in __init__.py:126]
2022-01-02 23:33:05,949 INFO: Calling teardown_appcontext() for the Flask application... [in __init__.py:130]
2022-01-02 23:33:09,623 INFO: Calling before_request() for the Flask application... [in __init__.py:117]
2022-01-02 23:33:09,630 INFO: Calling after_request() for the Flask application... [in __init__.py:121]
2022-01-02 23:33:09,630 INFO: Calling teardown_request() for the Flask application... [in __init__.py:126]
2022-01-02 23:33:09,630 INFO: Calling teardown_appcontext() for the Flask application... [in __init__.py:130]
2022-01-02 23:33:09,646 INFO: Calling before_request() for the Flask application... [in __init__.py:117]
2022-01-02 23:33:09,646 INFO: Calling after_request() for the Flask application... [in __init__.py:121]
2022-01-02 23:33:09,646 INFO: Calling teardown_request() for the Flask application... [in __init__.py:126]
2022-01-02 23:33:09,647 INFO: Calling teardown_appcontext() for the Flask application... [in __init__.py:130]
2022-01-02 23:33:09,878 INFO: Calling before_request() for the Flask application... [in __init__.py:117]
2022-01-02 23:33:09,879 INFO: Calling after_request() for the Flask application... [in __init__.py:121]
2022-01-02 23:33:09,879 INFO: Calling teardown_request() for the Flask application... [in __init__.py:126]
2022-01-02 23:33:09,879 INFO: Calling teardown_appcontext() for the Flask application... [in __init__.py:130]
2022-01-02 23:33:13,316 INFO: Calling before_request() for the Flask application... [in __init__.py:117]
2022-01-02 23:33:13,324 INFO: Calling after_request() for the Flask application... [in __init__.py:121]
2022-01-02 23:33:13,325 INFO: Calling teardown_request() for the Flask application... [in __init__.py:126]
2022-01-02 23:33:13,326 INFO: Calling teardown_appcontext() for the Flask application... [in __init__.py:130]
2022-01-02 23:33:13,347 INFO: Calling before_request() for the Flask application... [in __init__.py:117]
2022-01-02 23:33:13,348 INFO: Calling after_request() for the Flask application... [in __init__.py:121]
2022-01-02 23:33:13,349 INFO: Calling teardown_request() for the Flask application... [in __init__.py:126]
2022-01-02 23:33:13,349 INFO: Calling teardown_appcontext() for the Flask application... [in __init__.py:130]
2022-01-02 23:33:13,563 INFO: Calling before_request() for the Flask application... [in __init__.py:117]
2022-01-02 23:33:13,563 INFO: Calling after_request() for the Flask application... [in __init__.py:121]
2022-01-02 23:33:13,564 INFO: Calling teardown_request() for the Flask application... [in __init__.py:126]
2022-01-02 23:33:13,564 INFO: Calling teardown_appcontext() for the Flask application... [in __init__.py:130]
2022-01-02 23:33:18,285 INFO: Calling before_request() for the Flask application... [in __init__.py:117]
2022-01-02 23:33:18,297 INFO: Calling after_request() for the Flask application... [in __init__.py:121]
2022-01-02 23:33:18,298 INFO: Calling teardown_request() for the Flask application... [in __init__.py:126]
2022-01-02 23:33:18,298 INFO: Calling teardown_appcontext() for the Flask application... [in __init__.py:130]
2022-01-02 23:33:18,301 INFO: Calling before_request() for the Flask application... [in __init__.py:117]
2022-01-02 23:33:18,303 INFO: Calling after_request() for the Flask application... [in __init__.py:121]
2022-01-02 23:33:18,303 INFO: Calling teardown_request() for the Flask application... [in __init__.py:126]
2022-01-02 23:33:18,303 INFO: Calling teardown_appcontext() for the Flask application... [in __init__.py:130]
2022-01-02 23:33:18,535 INFO: Calling before_request() for the Flask application... [in __init__.py:117]
2022-01-02 23:33:18,536 INFO: Calling after_request() for the Flask application... [in __init__.py:121]
2022-01-02 23:33:18,537 INFO: Calling teardown_request() for the Flask application... [in __init__.py:126]
2022-01-02 23:33:18,537 INFO: Calling teardown_appcontext() for the Flask application... [in __init__.py:130]
2022-01-02 23:33:18,629 INFO: Calling before_request() for the Flask application... [in __init__.py:117]
2022-01-02 23:33:18,631 INFO: Calling after_request() for the Flask application... [in __init__.py:121]
2022-01-02 23:33:18,631 INFO: Calling teardown_request() for the Flask application... [in __init__.py:126]
2022-01-02 23:33:18,631 INFO: Calling teardown_appcontext() for the Flask application... [in __init__.py:130]
2022-01-02 23:33:18,648 INFO: Calling teardown_appcontext() for the Flask application... [in __init__.py:130]
2022-01-02 23:33:18,648 INFO: Calling teardown_request() for the Flask application... [in __init__.py:126]
2022-01-02 23:33:18,648 INFO: Calling teardown_appcontext() for the Flask application... [in __init__.py:130]
2022-01-02 23:33:31,773 INFO: Calling before_request() for the Flask application... [in __init__.py:117]
2022-01-02 23:33:31,782 INFO: Calling after_request() for the Flask application... [in __init__.py:121]
2022-01-02 23:33:31,783 INFO: Calling teardown_request() for the Flask application... [in __init__.py:126]
2022-01-02 23:33:31,783 INFO: Calling teardown_appcontext() for the Flask application... [in __init__.py:130]
2022-01-02 23:33:31,805 INFO: Calling before_request() for the Flask application... [in __init__.py:117]
2022-01-02 23:33:31,806 INFO: Calling after_request() for the Flask application... [in __init__.py:121]
2022-01-02 23:33:31,806 INFO: Calling teardown_request() for the Flask application... [in __init__.py:126]
2022-01-02 23:33:31,806 INFO: Calling teardown_appcontext() for the Flask application... [in __init__.py:130]
2022-01-02 23:33:32,035 INFO: Calling before_request() for the Flask application... [in __init__.py:117]
2022-01-02 23:33:32,036 INFO: Calling after_request() for the Flask application... [in __init__.py:121]
2022-01-02 23:33:32,036 INFO: Calling teardown_request() for the Flask application... [in __init__.py:126]
2022-01-02 23:33:32,036 INFO: Calling teardown_appcontext() for the Flask application... [in __init__.py:130]
2022-01-02 23:33:46,587 INFO: Calling before_request() for the Flask application... [in __init__.py:117]
2022-01-02 23:33:48,215 INFO: Calling after_request() for the Flask application... [in __init__.py:121]
2022-01-02 23:33:48,216 INFO: Calling teardown_request() for the Flask application... [in __init__.py:126]
2022-01-02 23:33:48,216 INFO: Calling teardown_appcontext() for the Flask application... [in __init__.py:130]
2022-01-02 23:33:48,220 INFO: Calling before_request() for the Flask application... [in __init__.py:117]
2022-01-02 23:33:48,221 INFO: Calling after_request() for the Flask application... [in __init__.py:121]
2022-01-02 23:33:48,222 INFO: Calling teardown_request() for the Flask application... [in __init__.py:126]
2022-01-02 23:33:48,222 INFO: Calling teardown_appcontext() for the Flask application... [in __init__.py:130]
2022-01-02 23:33:48,245 INFO: Calling before_request() for the Flask application... [in __init__.py:117]
2022-01-02 23:33:48,246 INFO: Calling after_request() for the Flask application... [in __init__.py:121]
2022-01-02 23:33:48,247 INFO: Calling teardown_request() for the Flask application... [in __init__.py:126]
2022-01-02 23:33:48,247 INFO: Calling teardown_appcontext() for the Flask application... [in __init__.py:130]
2022-01-02 23:33:48,557 INFO: Calling before_request() for the Flask application... [in __init__.py:117]
2022-01-02 23:33:48,560 INFO: Calling after_request() for the Flask application... [in __init__.py:121]
2022-01-02 23:33:48,560 INFO: Calling teardown_request() for the Flask application... [in __init__.py:126]
2022-01-02 23:33:48,560 INFO: Calling teardown_appcontext() for the Flask application... [in __init__.py:130]
2022-01-02 23:34:02,959 INFO: Calling before_request() for the Flask application... [in __init__.py:117]
2022-01-02 23:34:04,601 INFO: Logged in user: saidul.islam@gmail.com [in routes.py:89]
2022-01-02 23:34:04,602 INFO: Calling after_request() for the Flask application... [in __init__.py:121]
2022-01-02 23:34:04,602 INFO: Calling teardown_request() for the Flask application... [in __init__.py:126]
2022-01-02 23:34:04,602 INFO: Calling teardown_appcontext() for the Flask application... [in __init__.py:130]
2022-01-02 23:34:04,607 INFO: Calling before_request() for the Flask application... [in __init__.py:117]
2022-01-02 23:34:04,611 INFO: Calling after_request() for the Flask application... [in __init__.py:121]
2022-01-02 23:34:04,611 INFO: Calling teardown_request() for the Flask application... [in __init__.py:126]
2022-01-02 23:34:04,611 INFO: Calling teardown_appcontext() for the Flask application... [in __init__.py:130]
2022-01-02 23:34:04,642 INFO: Calling before_request() for the Flask application... [in __init__.py:117]
2022-01-02 23:34:04,643 INFO: Calling after_request() for the Flask application... [in __init__.py:121]
2022-01-02 23:34:04,643 INFO: Calling teardown_request() for the Flask application... [in __init__.py:126]
2022-01-02 23:34:04,643 INFO: Calling teardown_appcontext() for the Flask application... [in __init__.py:130]
2022-01-02 23:34:04,949 INFO: Calling before_request() for the Flask application... [in __init__.py:117]
2022-01-02 23:34:04,953 INFO: Calling after_request() for the Flask application... [in __init__.py:121]
2022-01-02 23:34:04,953 INFO: Calling teardown_request() for the Flask application... [in __init__.py:126]
2022-01-02 23:34:04,955 INFO: Calling teardown_appcontext() for the Flask application... [in __init__.py:130]
