2022-01-02 14:49:54,195 INFO: Starting the Flask Stock Portfolio App... [in __init__.py:98]
2022-01-02 14:49:55,097 INFO: Starting the Flask Stock Portfolio App... [in __init__.py:98]
2022-01-02 14:49:55,429 INFO: Calling before_request() for the Flask application... [in __init__.py:114]
2022-01-02 14:49:55,439 INFO: Calling after_request() for the Flask application... [in __init__.py:118]
2022-01-02 14:49:55,440 INFO: Calling teardown_request() for the Flask application... [in __init__.py:123]
2022-01-02 14:49:55,440 INFO: Calling teardown_appcontext() for the Flask application... [in __init__.py:127]
2022-01-02 14:49:55,476 INFO: Calling before_request() for the Flask application... [in __init__.py:114]
2022-01-02 14:49:55,519 INFO: Calling after_request() for the Flask application... [in __init__.py:118]
2022-01-02 14:49:55,519 INFO: Calling teardown_request() for the Flask application... [in __init__.py:123]
2022-01-02 14:49:55,519 INFO: Calling teardown_appcontext() for the Flask application... [in __init__.py:127]
2022-01-02 14:49:55,699 INFO: Calling before_request() for the Flask application... [in __init__.py:114]
2022-01-02 14:49:55,700 INFO: Calling after_request() for the Flask application... [in __init__.py:118]
2022-01-02 14:49:55,700 INFO: Calling teardown_request() for the Flask application... [in __init__.py:123]
2022-01-02 14:49:55,701 INFO: Calling teardown_appcontext() for the Flask application... [in __init__.py:127]
2022-01-02 14:49:55,759 INFO: Calling before_request() for the Flask application... [in __init__.py:114]
2022-01-02 14:49:55,764 INFO: Calling after_request() for the Flask application... [in __init__.py:118]
2022-01-02 14:49:55,765 INFO: Calling teardown_request() for the Flask application... [in __init__.py:123]
2022-01-02 14:49:55,766 INFO: Calling teardown_appcontext() for the Flask application... [in __init__.py:127]
2022-01-02 14:50:11,041 INFO: Calling before_request() for the Flask application... [in __init__.py:114]
2022-01-02 14:50:12,679 INFO: Calling after_request() for the Flask application... [in __init__.py:118]
2022-01-02 14:50:12,680 INFO: Calling teardown_request() for the Flask application... [in __init__.py:123]
2022-01-02 14:50:12,680 INFO: Calling teardown_appcontext() for the Flask application... [in __init__.py:127]
2022-01-02 14:50:12,693 INFO: Calling before_request() for the Flask application... [in __init__.py:114]
2022-01-02 14:50:12,694 INFO: Calling before_request() for the Flask application... [in __init__.py:114]
2022-01-02 14:50:12,694 INFO: Calling after_request() for the Flask application... [in __init__.py:118]
2022-01-02 14:50:12,695 INFO: Calling teardown_request() for the Flask application... [in __init__.py:123]
2022-01-02 14:50:12,695 INFO: Calling teardown_appcontext() for the Flask application... [in __init__.py:127]
2022-01-02 14:50:12,695 INFO: Calling after_request() for the Flask application... [in __init__.py:118]
2022-01-02 14:50:12,696 INFO: Calling teardown_request() for the Flask application... [in __init__.py:123]
2022-01-02 14:50:12,696 INFO: Calling teardown_appcontext() for the Flask application... [in __init__.py:127]
2022-01-02 14:50:22,796 INFO: Calling before_request() for the Flask application... [in __init__.py:114]
2022-01-02 14:50:22,804 INFO: Calling after_request() for the Flask application... [in __init__.py:118]
2022-01-02 14:50:22,807 INFO: Calling teardown_request() for the Flask application... [in __init__.py:123]
2022-01-02 14:50:22,808 INFO: Calling teardown_appcontext() for the Flask application... [in __init__.py:127]
2022-01-02 14:50:22,822 INFO: Calling before_request() for the Flask application... [in __init__.py:114]
2022-01-02 14:50:22,826 INFO: Calling before_request() for the Flask application... [in __init__.py:114]
2022-01-02 14:50:22,831 INFO: Calling after_request() for the Flask application... [in __init__.py:118]
2022-01-02 14:50:22,831 INFO: Calling teardown_request() for the Flask application... [in __init__.py:123]
2022-01-02 14:50:22,831 INFO: Calling teardown_appcontext() for the Flask application... [in __init__.py:127]
2022-01-02 14:50:22,831 INFO: Calling after_request() for the Flask application... [in __init__.py:118]
2022-01-02 14:50:22,831 INFO: Calling teardown_request() for the Flask application... [in __init__.py:123]
2022-01-02 14:50:22,831 INFO: Calling teardown_appcontext() for the Flask application... [in __init__.py:127]
2022-01-02 14:50:34,263 INFO: Calling before_request() for the Flask application... [in __init__.py:114]
2022-01-02 14:50:35,901 INFO: Logged in user: saidul.islam@gmail.com [in routes.py:70]
2022-01-02 14:50:35,901 INFO: Calling after_request() for the Flask application... [in __init__.py:118]
2022-01-02 14:50:35,902 INFO: Calling teardown_request() for the Flask application... [in __init__.py:123]
2022-01-02 14:50:35,902 INFO: Calling teardown_appcontext() for the Flask application... [in __init__.py:127]
2022-01-02 14:50:35,906 INFO: Calling before_request() for the Flask application... [in __init__.py:114]
2022-01-02 14:50:35,907 INFO: Calling before_request() for the stocks blueprint... [in routes.py:47]
2022-01-02 14:50:35,907 INFO: Calling the index() function. [in routes.py:14]
2022-01-02 14:50:35,912 INFO: Calling after_request() for the stocks blueprint... [in routes.py:52]
2022-01-02 14:50:35,912 INFO: Calling after_request() for the Flask application... [in __init__.py:118]
2022-01-02 14:50:35,913 INFO: Calling teardown_request() for the stocks blueprint... [in routes.py:58]
2022-01-02 14:50:35,913 INFO: Calling teardown_request() for the Flask application... [in __init__.py:123]
2022-01-02 14:50:35,913 INFO: Calling teardown_appcontext() for the Flask application... [in __init__.py:127]
2022-01-02 14:50:35,959 INFO: Calling before_request() for the Flask application... [in __init__.py:114]
2022-01-02 14:50:35,960 INFO: Calling before_request() for the Flask application... [in __init__.py:114]
2022-01-02 14:50:35,961 INFO: Calling before_request() for the Flask application... [in __init__.py:114]
2022-01-02 14:50:35,962 INFO: Calling after_request() for the Flask application... [in __init__.py:118]
2022-01-02 14:50:35,962 INFO: Calling teardown_request() for the Flask application... [in __init__.py:123]
2022-01-02 14:50:35,962 INFO: Calling teardown_appcontext() for the Flask application... [in __init__.py:127]
2022-01-02 14:50:35,962 INFO: Calling after_request() for the Flask application... [in __init__.py:118]
2022-01-02 14:50:35,963 INFO: Calling after_request() for the Flask application... [in __init__.py:118]
2022-01-02 14:50:35,963 INFO: Calling teardown_request() for the Flask application... [in __init__.py:123]
2022-01-02 14:50:35,963 INFO: Calling teardown_request() for the Flask application... [in __init__.py:123]
2022-01-02 14:50:35,963 INFO: Calling teardown_appcontext() for the Flask application... [in __init__.py:127]
2022-01-02 14:50:35,963 INFO: Calling teardown_appcontext() for the Flask application... [in __init__.py:127]
2022-01-02 14:50:50,041 INFO: Calling before_request() for the Flask application... [in __init__.py:114]
2022-01-02 14:50:50,043 INFO: Duplicate login attempt by user: saidul.islam@gmail.com [in routes.py:58]
2022-01-02 14:50:50,043 INFO: Calling after_request() for the Flask application... [in __init__.py:118]
2022-01-02 14:50:50,044 INFO: Calling teardown_request() for the Flask application... [in __init__.py:123]
2022-01-02 14:50:50,044 INFO: Calling teardown_appcontext() for the Flask application... [in __init__.py:127]
2022-01-02 14:50:50,048 INFO: Calling before_request() for the Flask application... [in __init__.py:114]
2022-01-02 14:50:50,048 INFO: Calling before_request() for the stocks blueprint... [in routes.py:47]
2022-01-02 14:50:50,048 INFO: Calling the index() function. [in routes.py:14]
2022-01-02 14:50:50,051 INFO: Calling after_request() for the stocks blueprint... [in routes.py:52]
2022-01-02 14:50:50,052 INFO: Calling after_request() for the Flask application... [in __init__.py:118]
2022-01-02 14:50:50,053 INFO: Calling teardown_request() for the stocks blueprint... [in routes.py:58]
2022-01-02 14:50:50,053 INFO: Calling teardown_request() for the Flask application... [in __init__.py:123]
2022-01-02 14:50:50,053 INFO: Calling teardown_appcontext() for the Flask application... [in __init__.py:127]
2022-01-02 14:50:50,075 INFO: Calling before_request() for the Flask application... [in __init__.py:114]
2022-01-02 14:50:50,075 INFO: Calling before_request() for the Flask application... [in __init__.py:114]
2022-01-02 14:50:50,076 INFO: Calling after_request() for the Flask application... [in __init__.py:118]
2022-01-02 14:50:50,077 INFO: Calling before_request() for the Flask application... [in __init__.py:114]
2022-01-02 14:50:50,077 INFO: Calling after_request() for the Flask application... [in __init__.py:118]
2022-01-02 14:50:50,077 INFO: Calling teardown_request() for the Flask application... [in __init__.py:123]
2022-01-02 14:50:50,077 INFO: Calling teardown_request() for the Flask application... [in __init__.py:123]
2022-01-02 14:50:50,078 INFO: Calling teardown_appcontext() for the Flask application... [in __init__.py:127]
2022-01-02 14:50:50,078 INFO: Calling teardown_appcontext() for the Flask application... [in __init__.py:127]
2022-01-02 14:50:50,078 INFO: Calling after_request() for the Flask application... [in __init__.py:118]
2022-01-02 14:50:50,078 INFO: Calling teardown_request() for the Flask application... [in __init__.py:123]
2022-01-02 14:50:50,079 INFO: Calling teardown_appcontext() for the Flask application... [in __init__.py:127]
2022-01-02 14:51:40,744 INFO: Calling before_request() for the Flask application... [in __init__.py:114]
2022-01-02 14:51:40,747 INFO: Logged out user: saidul.islam@gmail.com [in routes.py:80]
2022-01-02 14:51:40,748 INFO: Calling after_request() for the Flask application... [in __init__.py:118]
2022-01-02 14:51:40,749 INFO: Calling teardown_request() for the Flask application... [in __init__.py:123]
2022-01-02 14:51:40,750 INFO: Calling teardown_appcontext() for the Flask application... [in __init__.py:127]
2022-01-02 14:51:40,755 INFO: Calling before_request() for the Flask application... [in __init__.py:114]
2022-01-02 14:51:40,756 INFO: Calling before_request() for the stocks blueprint... [in routes.py:47]
2022-01-02 14:51:40,756 INFO: Calling the index() function. [in routes.py:14]
2022-01-02 14:51:40,757 INFO: Calling after_request() for the stocks blueprint... [in routes.py:52]
2022-01-02 14:51:40,757 INFO: Calling after_request() for the Flask application... [in __init__.py:118]
2022-01-02 14:51:40,757 INFO: Calling teardown_request() for the stocks blueprint... [in routes.py:58]
2022-01-02 14:51:40,757 INFO: Calling teardown_request() for the Flask application... [in __init__.py:123]
2022-01-02 14:51:40,758 INFO: Calling teardown_appcontext() for the Flask application... [in __init__.py:127]
2022-01-02 14:51:40,803 INFO: Calling before_request() for the Flask application... [in __init__.py:114]
2022-01-02 14:51:40,810 INFO: Calling before_request() for the Flask application... [in __init__.py:114]
2022-01-02 14:51:40,818 INFO: Calling before_request() for the Flask application... [in __init__.py:114]
2022-01-02 14:51:40,820 INFO: Calling after_request() for the Flask application... [in __init__.py:118]
2022-01-02 14:51:40,820 INFO: Calling after_request() for the Flask application... [in __init__.py:118]
2022-01-02 14:51:40,821 INFO: Calling teardown_request() for the Flask application... [in __init__.py:123]
2022-01-02 14:51:40,821 INFO: Calling after_request() for the Flask application... [in __init__.py:118]
2022-01-02 14:51:40,822 INFO: Calling teardown_request() for the Flask application... [in __init__.py:123]
2022-01-02 14:51:40,822 INFO: Calling teardown_appcontext() for the Flask application... [in __init__.py:127]
2022-01-02 14:51:40,822 INFO: Calling teardown_request() for the Flask application... [in __init__.py:123]
2022-01-02 14:51:40,822 INFO: Calling teardown_appcontext() for the Flask application... [in __init__.py:127]
2022-01-02 14:51:40,823 INFO: Calling teardown_appcontext() for the Flask application... [in __init__.py:127]
2022-01-02 14:51:50,757 INFO: Calling before_request() for the Flask application... [in __init__.py:114]
2022-01-02 14:51:50,759 INFO: Calling after_request() for the Flask application... [in __init__.py:118]
2022-01-02 14:51:50,761 INFO: Calling teardown_request() for the Flask application... [in __init__.py:123]
2022-01-02 14:51:50,761 INFO: Calling teardown_appcontext() for the Flask application... [in __init__.py:127]
2022-01-02 14:51:50,801 INFO: Calling before_request() for the Flask application... [in __init__.py:114]
2022-01-02 14:51:50,805 INFO: Calling before_request() for the Flask application... [in __init__.py:114]
2022-01-02 14:51:50,805 INFO: Calling after_request() for the Flask application... [in __init__.py:118]
2022-01-02 14:51:50,805 INFO: Calling teardown_request() for the Flask application... [in __init__.py:123]
2022-01-02 14:51:50,806 INFO: Calling teardown_appcontext() for the Flask application... [in __init__.py:127]
2022-01-02 14:51:50,807 INFO: Calling after_request() for the Flask application... [in __init__.py:118]
2022-01-02 14:51:50,808 INFO: Calling teardown_request() for the Flask application... [in __init__.py:123]
2022-01-02 14:51:50,811 INFO: Calling teardown_appcontext() for the Flask application... [in __init__.py:127]
2022-01-02 14:57:55,594 INFO: Starting the Flask Stock Portfolio App... [in __init__.py:98]
2022-01-02 15:00:05,175 INFO: Calling before_request() for the Flask application... [in __init__.py:114]
2022-01-02 15:00:05,175 INFO: Calling before_request() for the stocks blueprint... [in routes.py:47]
2022-01-02 15:00:05,175 INFO: Calling the index() function. [in routes.py:14]
2022-01-02 15:00:05,189 INFO: Calling after_request() for the stocks blueprint... [in routes.py:52]
2022-01-02 15:00:05,189 INFO: Calling after_request() for the Flask application... [in __init__.py:118]
2022-01-02 15:00:05,189 INFO: Calling teardown_request() for the stocks blueprint... [in routes.py:58]
2022-01-02 15:00:05,189 INFO: Calling teardown_request() for the Flask application... [in __init__.py:123]
2022-01-02 15:00:05,190 INFO: Calling teardown_appcontext() for the Flask application... [in __init__.py:127]
2022-01-02 15:00:05,214 INFO: Calling before_request() for the Flask application... [in __init__.py:114]
2022-01-02 15:00:05,216 INFO: Calling before_request() for the Flask application... [in __init__.py:114]
2022-01-02 15:00:05,219 INFO: Calling before_request() for the Flask application... [in __init__.py:114]
2022-01-02 15:00:05,298 INFO: Calling after_request() for the Flask application... [in __init__.py:118]
2022-01-02 15:00:05,298 INFO: Calling teardown_request() for the Flask application... [in __init__.py:123]
2022-01-02 15:00:05,298 INFO: Calling teardown_appcontext() for the Flask application... [in __init__.py:127]
2022-01-02 15:00:05,301 INFO: Calling after_request() for the Flask application... [in __init__.py:118]
2022-01-02 15:00:05,301 INFO: Calling after_request() for the Flask application... [in __init__.py:118]
2022-01-02 15:00:05,301 INFO: Calling teardown_request() for the Flask application... [in __init__.py:123]
2022-01-02 15:00:05,301 INFO: Calling teardown_request() for the Flask application... [in __init__.py:123]
2022-01-02 15:00:05,302 INFO: Calling teardown_appcontext() for the Flask application... [in __init__.py:127]
2022-01-02 15:00:05,302 INFO: Calling teardown_appcontext() for the Flask application... [in __init__.py:127]
2022-01-02 15:00:08,582 INFO: Calling before_request() for the Flask application... [in __init__.py:114]
2022-01-02 15:00:08,591 INFO: Calling after_request() for the Flask application... [in __init__.py:118]
2022-01-02 15:00:08,591 INFO: Calling teardown_request() for the Flask application... [in __init__.py:123]
2022-01-02 15:00:08,591 INFO: Calling teardown_appcontext() for the Flask application... [in __init__.py:127]
2022-01-02 15:00:16,944 INFO: Logged in user: saidul.islam@gmail.com [in routes.py:70]
