2022-01-01 23:35:09,756 INFO: Starting the Flask Stock Portfolio App... [in __init__.py:58]
2022-01-01 23:35:09,781 INFO: Calling teardown_appcontext() for the Flask application... [in __init__.py:87]
2022-01-01 23:35:48,218 INFO: Starting the Flask Stock Portfolio App... [in __init__.py:58]
2022-01-01 23:39:12,812 INFO: Starting the Flask Stock Portfolio App... [in __init__.py:58]
2022-01-01 23:40:57,182 INFO: Starting the Flask Stock Portfolio App... [in __init__.py:58]
2022-01-01 23:40:57,954 INFO: Starting the Flask Stock Portfolio App... [in __init__.py:58]
2022-01-01 23:42:47,666 INFO: Starting the Flask Stock Portfolio App... [in __init__.py:58]
2022-01-01 23:43:11,007 INFO: Starting the Flask Stock Portfolio App... [in __init__.py:58]
2022-01-01 23:43:11,011 INFO: Calling teardown_appcontext() for the Flask application... [in __init__.py:87]
2022-01-01 23:43:42,848 INFO: Starting the Flask Stock Portfolio App... [in __init__.py:58]
2022-01-01 23:43:46,743 INFO: Calling teardown_appcontext() for the Flask application... [in __init__.py:87]
2022-01-01 23:44:05,514 INFO: Starting the Flask Stock Portfolio App... [in __init__.py:58]
2022-01-01 23:46:18,450 INFO: Calling teardown_appcontext() for the Flask application... [in __init__.py:87]
2022-01-01 23:53:07,589 INFO: Starting the Flask Stock Portfolio App... [in __init__.py:58]
2022-01-01 23:53:07,606 INFO: Calling teardown_appcontext() for the Flask application... [in __init__.py:87]
2022-01-01 23:53:46,187 INFO: Starting the Flask Stock Portfolio App... [in __init__.py:58]
2022-01-01 23:53:46,189 INFO: Calling teardown_appcontext() for the Flask application... [in __init__.py:87]
2022-01-01 23:55:07,513 INFO: Starting the Flask Stock Portfolio App... [in __init__.py:58]
2022-01-01 23:55:07,514 INFO: Calling teardown_appcontext() for the Flask application... [in __init__.py:87]
2022-01-01 23:55:23,690 INFO: Starting the Flask Stock Portfolio App... [in __init__.py:58]
2022-01-01 23:55:23,691 INFO: Calling teardown_appcontext() for the Flask application... [in __init__.py:87]
2022-01-01 23:55:42,952 INFO: Starting the Flask Stock Portfolio App... [in __init__.py:58]
2022-01-01 23:55:42,953 INFO: Calling teardown_appcontext() for the Flask application... [in __init__.py:87]
2022-01-01 23:55:50,756 INFO: Starting the Flask Stock Portfolio App... [in __init__.py:58]
2022-01-01 23:55:50,773 INFO: Calling teardown_appcontext() for the Flask application... [in __init__.py:87]
2022-01-01 23:55:57,440 INFO: Starting the Flask Stock Portfolio App... [in __init__.py:58]
2022-01-01 23:55:58,171 INFO: Starting the Flask Stock Portfolio App... [in __init__.py:58]
2022-01-01 23:56:02,158 INFO: Calling before_request() for the Flask application... [in __init__.py:74]
2022-01-01 23:56:02,158 INFO: Calling before_request() for the stocks blueprint... [in routes.py:47]
2022-01-01 23:56:02,158 INFO: Calling the index() function. [in routes.py:14]
2022-01-01 23:56:02,169 INFO: Calling after_request() for the stocks blueprint... [in routes.py:52]
2022-01-01 23:56:02,169 INFO: Calling after_request() for the Flask application... [in __init__.py:78]
2022-01-01 23:56:02,169 INFO: Calling teardown_request() for the stocks blueprint... [in routes.py:58]
2022-01-01 23:56:02,169 INFO: Calling teardown_request() for the Flask application... [in __init__.py:83]
2022-01-01 23:56:02,169 INFO: Calling teardown_appcontext() for the Flask application... [in __init__.py:87]
2022-01-01 23:56:02,180 INFO: Calling before_request() for the Flask application... [in __init__.py:74]
2022-01-01 23:56:02,183 INFO: Calling before_request() for the Flask application... [in __init__.py:74]
2022-01-01 23:56:02,187 INFO: Calling before_request() for the Flask application... [in __init__.py:74]
2022-01-01 23:56:02,263 INFO: Calling after_request() for the Flask application... [in __init__.py:78]
2022-01-01 23:56:02,263 INFO: Calling teardown_request() for the Flask application... [in __init__.py:83]
2022-01-01 23:56:02,263 INFO: Calling teardown_appcontext() for the Flask application... [in __init__.py:87]
2022-01-01 23:56:02,270 INFO: Calling after_request() for the Flask application... [in __init__.py:78]
2022-01-01 23:56:02,270 INFO: Calling after_request() for the Flask application... [in __init__.py:78]
2022-01-01 23:56:02,270 INFO: Calling teardown_request() for the Flask application... [in __init__.py:83]
2022-01-01 23:56:02,270 INFO: Calling teardown_request() for the Flask application... [in __init__.py:83]
2022-01-01 23:56:02,270 INFO: Calling teardown_appcontext() for the Flask application... [in __init__.py:87]
2022-01-01 23:56:02,270 INFO: Calling teardown_appcontext() for the Flask application... [in __init__.py:87]
2022-01-01 23:56:06,939 INFO: Calling before_request() for the Flask application... [in __init__.py:74]
2022-01-01 23:56:06,940 INFO: Calling before_request() for the stocks blueprint... [in routes.py:47]
2022-01-01 23:56:06,963 INFO: Calling after_request() for the stocks blueprint... [in routes.py:52]
2022-01-01 23:56:06,963 INFO: Calling after_request() for the Flask application... [in __init__.py:78]
2022-01-01 23:56:06,963 INFO: Calling teardown_request() for the stocks blueprint... [in routes.py:58]
2022-01-01 23:56:06,963 INFO: Calling teardown_request() for the Flask application... [in __init__.py:83]
2022-01-01 23:56:06,963 INFO: Calling teardown_appcontext() for the Flask application... [in __init__.py:87]
2022-01-01 23:56:06,988 INFO: Calling before_request() for the Flask application... [in __init__.py:74]
2022-01-01 23:56:06,989 INFO: Calling before_request() for the Flask application... [in __init__.py:74]
2022-01-01 23:56:06,990 INFO: Calling after_request() for the Flask application... [in __init__.py:78]
2022-01-01 23:56:06,990 INFO: Calling after_request() for the Flask application... [in __init__.py:78]
2022-01-01 23:56:06,990 INFO: Calling teardown_request() for the Flask application... [in __init__.py:83]
2022-01-01 23:56:06,990 INFO: Calling teardown_request() for the Flask application... [in __init__.py:83]
2022-01-01 23:56:06,990 INFO: Calling teardown_appcontext() for the Flask application... [in __init__.py:87]
2022-01-01 23:56:06,990 INFO: Calling teardown_appcontext() for the Flask application... [in __init__.py:87]
2022-01-01 23:56:46,621 INFO: Starting the Flask Stock Portfolio App... [in __init__.py:58]
2022-01-01 23:56:58,394 INFO: Starting the Flask Stock Portfolio App... [in __init__.py:58]
2022-01-01 23:57:08,966 INFO: Starting the Flask Stock Portfolio App... [in __init__.py:58]
