2022-01-01 22:21:38,876 INFO: Starting the Flask Stock Portfolio App... [in __init__.py:57]
2022-01-01 22:21:39,515 INFO: Starting the Flask Stock Portfolio App... [in __init__.py:57]
2022-01-01 22:21:47,773 INFO: Calling before_request() for the Flask application... [in __init__.py:73]
2022-01-01 22:21:47,773 INFO: Calling before_request() for the stocks blueprint... [in routes.py:46]
2022-01-01 22:21:47,773 INFO: Calling the index() function. [in routes.py:13]
2022-01-01 22:21:47,785 INFO: Calling after_request() for the stocks blueprint... [in routes.py:51]
2022-01-01 22:21:47,786 INFO: Calling after_request() for the Flask application... [in __init__.py:77]
2022-01-01 22:21:47,796 INFO: Calling teardown_request() for the stocks blueprint... [in routes.py:57]
2022-01-01 22:21:47,796 INFO: Calling teardown_request() for the Flask application... [in __init__.py:82]
2022-01-01 22:21:47,796 INFO: Calling teardown_appcontext() for the Flask application... [in __init__.py:86]
2022-01-01 22:21:47,815 INFO: Calling before_request() for the Flask application... [in __init__.py:73]
2022-01-01 22:21:47,816 INFO: Calling before_request() for the Flask application... [in __init__.py:73]
2022-01-01 22:21:47,817 INFO: Calling before_request() for the Flask application... [in __init__.py:73]
2022-01-01 22:21:47,886 INFO: Calling after_request() for the Flask application... [in __init__.py:77]
2022-01-01 22:21:47,886 INFO: Calling teardown_request() for the Flask application... [in __init__.py:82]
2022-01-01 22:21:47,886 INFO: Calling teardown_appcontext() for the Flask application... [in __init__.py:86]
2022-01-01 22:21:47,888 INFO: Calling after_request() for the Flask application... [in __init__.py:77]
2022-01-01 22:21:47,889 INFO: Calling teardown_request() for the Flask application... [in __init__.py:82]
2022-01-01 22:21:47,889 INFO: Calling teardown_appcontext() for the Flask application... [in __init__.py:86]
2022-01-01 22:21:47,890 INFO: Calling after_request() for the Flask application... [in __init__.py:77]
2022-01-01 22:21:47,890 INFO: Calling teardown_request() for the Flask application... [in __init__.py:82]
2022-01-01 22:21:47,890 INFO: Calling teardown_appcontext() for the Flask application... [in __init__.py:86]
2022-01-01 22:21:49,622 INFO: Calling before_request() for the Flask application... [in __init__.py:73]
2022-01-01 22:21:49,623 INFO: Calling after_request() for the Flask application... [in __init__.py:77]
2022-01-01 22:21:49,623 INFO: Calling teardown_request() for the Flask application... [in __init__.py:82]
2022-01-01 22:21:49,623 INFO: Calling teardown_appcontext() for the Flask application... [in __init__.py:86]
2022-01-01 22:21:51,268 INFO: Calling before_request() for the Flask application... [in __init__.py:73]
2022-01-01 22:21:51,269 INFO: Calling before_request() for the stocks blueprint... [in routes.py:46]
2022-01-01 22:21:51,271 INFO: Calling after_request() for the stocks blueprint... [in routes.py:51]
2022-01-01 22:21:51,271 INFO: Calling after_request() for the Flask application... [in __init__.py:77]
2022-01-01 22:21:51,272 INFO: Calling teardown_request() for the stocks blueprint... [in routes.py:57]
2022-01-01 22:21:51,272 INFO: Calling teardown_request() for the Flask application... [in __init__.py:82]
2022-01-01 22:21:51,272 INFO: Calling teardown_appcontext() for the Flask application... [in __init__.py:86]
2022-01-01 22:21:51,287 INFO: Calling before_request() for the Flask application... [in __init__.py:73]
2022-01-01 22:21:51,288 INFO: Calling before_request() for the Flask application... [in __init__.py:73]
2022-01-01 22:21:51,288 INFO: Calling after_request() for the Flask application... [in __init__.py:77]
2022-01-01 22:21:51,289 INFO: Calling after_request() for the Flask application... [in __init__.py:77]
2022-01-01 22:21:51,289 INFO: Calling teardown_request() for the Flask application... [in __init__.py:82]
2022-01-01 22:21:51,289 INFO: Calling teardown_request() for the Flask application... [in __init__.py:82]
2022-01-01 22:21:51,289 INFO: Calling teardown_appcontext() for the Flask application... [in __init__.py:86]
2022-01-01 22:21:51,289 INFO: Calling teardown_appcontext() for the Flask application... [in __init__.py:86]
2022-01-01 22:21:57,357 INFO: Calling before_request() for the Flask application... [in __init__.py:73]
2022-01-01 22:21:57,357 INFO: Calling before_request() for the stocks blueprint... [in routes.py:46]
2022-01-01 22:21:57,377 INFO: Added new stock (IWY)! [in routes.py:28]
2022-01-01 22:21:57,377 INFO: Calling after_request() for the stocks blueprint... [in routes.py:51]
2022-01-01 22:21:57,377 INFO: Calling after_request() for the Flask application... [in __init__.py:77]
2022-01-01 22:21:57,378 INFO: Calling teardown_request() for the stocks blueprint... [in routes.py:57]
2022-01-01 22:21:57,378 INFO: Calling teardown_request() for the Flask application... [in __init__.py:82]
2022-01-01 22:21:57,378 INFO: Calling teardown_appcontext() for the Flask application... [in __init__.py:86]
2022-01-01 22:21:57,384 INFO: Calling before_request() for the Flask application... [in __init__.py:73]
2022-01-01 22:21:57,384 INFO: Calling before_request() for the stocks blueprint... [in routes.py:46]
2022-01-01 22:21:57,389 INFO: Calling after_request() for the stocks blueprint... [in routes.py:51]
2022-01-01 22:21:57,389 INFO: Calling after_request() for the Flask application... [in __init__.py:77]
2022-01-01 22:21:57,390 INFO: Calling teardown_request() for the stocks blueprint... [in routes.py:57]
2022-01-01 22:21:57,390 INFO: Calling teardown_request() for the Flask application... [in __init__.py:82]
2022-01-01 22:21:57,390 INFO: Calling teardown_appcontext() for the Flask application... [in __init__.py:86]
2022-01-01 22:21:57,423 INFO: Calling before_request() for the Flask application... [in __init__.py:73]
2022-01-01 22:21:57,424 INFO: Calling before_request() for the Flask application... [in __init__.py:73]
2022-01-01 22:21:57,424 INFO: Calling after_request() for the Flask application... [in __init__.py:77]
2022-01-01 22:21:57,425 INFO: Calling teardown_request() for the Flask application... [in __init__.py:82]
2022-01-01 22:21:57,425 INFO: Calling after_request() for the Flask application... [in __init__.py:77]
2022-01-01 22:21:57,425 INFO: Calling teardown_appcontext() for the Flask application... [in __init__.py:86]
2022-01-01 22:21:57,425 INFO: Calling teardown_request() for the Flask application... [in __init__.py:82]
2022-01-01 22:21:57,425 INFO: Calling teardown_appcontext() for the Flask application... [in __init__.py:86]
2022-01-01 22:22:02,346 INFO: Calling before_request() for the Flask application... [in __init__.py:73]
2022-01-01 22:22:02,346 INFO: Calling before_request() for the stocks blueprint... [in routes.py:46]
2022-01-01 22:22:02,347 INFO: Calling after_request() for the stocks blueprint... [in routes.py:51]
2022-01-01 22:22:02,347 INFO: Calling after_request() for the Flask application... [in __init__.py:77]
2022-01-01 22:22:02,347 INFO: Calling teardown_request() for the stocks blueprint... [in routes.py:57]
2022-01-01 22:22:02,347 INFO: Calling teardown_request() for the Flask application... [in __init__.py:82]
2022-01-01 22:22:02,347 INFO: Calling teardown_appcontext() for the Flask application... [in __init__.py:86]
2022-01-01 22:22:02,363 INFO: Calling before_request() for the Flask application... [in __init__.py:73]
2022-01-01 22:22:02,364 INFO: Calling before_request() for the Flask application... [in __init__.py:73]
2022-01-01 22:22:02,364 INFO: Calling after_request() for the Flask application... [in __init__.py:77]
2022-01-01 22:22:02,365 INFO: Calling after_request() for the Flask application... [in __init__.py:77]
2022-01-01 22:22:02,365 INFO: Calling teardown_request() for the Flask application... [in __init__.py:82]
2022-01-01 22:22:02,365 INFO: Calling teardown_request() for the Flask application... [in __init__.py:82]
2022-01-01 22:22:02,365 INFO: Calling teardown_appcontext() for the Flask application... [in __init__.py:86]
2022-01-01 22:22:02,365 INFO: Calling teardown_appcontext() for the Flask application... [in __init__.py:86]
2022-01-01 22:22:11,579 INFO: Calling before_request() for the Flask application... [in __init__.py:73]
2022-01-01 22:22:11,579 INFO: Calling before_request() for the stocks blueprint... [in routes.py:46]
2022-01-01 22:22:11,587 INFO: Added new stock (SPY)! [in routes.py:28]
2022-01-01 22:22:11,588 INFO: Calling after_request() for the stocks blueprint... [in routes.py:51]
2022-01-01 22:22:11,590 INFO: Calling after_request() for the Flask application... [in __init__.py:77]
2022-01-01 22:22:11,590 INFO: Calling teardown_request() for the stocks blueprint... [in routes.py:57]
2022-01-01 22:22:11,590 INFO: Calling teardown_request() for the Flask application... [in __init__.py:82]
2022-01-01 22:22:11,590 INFO: Calling teardown_appcontext() for the Flask application... [in __init__.py:86]
2022-01-01 22:22:11,598 INFO: Calling before_request() for the Flask application... [in __init__.py:73]
2022-01-01 22:22:11,599 INFO: Calling before_request() for the stocks blueprint... [in routes.py:46]
2022-01-01 22:22:11,601 INFO: Calling after_request() for the stocks blueprint... [in routes.py:51]
2022-01-01 22:22:11,601 INFO: Calling after_request() for the Flask application... [in __init__.py:77]
2022-01-01 22:22:11,601 INFO: Calling teardown_request() for the stocks blueprint... [in routes.py:57]
2022-01-01 22:22:11,601 INFO: Calling teardown_request() for the Flask application... [in __init__.py:82]
2022-01-01 22:22:11,601 INFO: Calling teardown_appcontext() for the Flask application... [in __init__.py:86]
2022-01-01 22:22:11,622 INFO: Calling before_request() for the Flask application... [in __init__.py:73]
2022-01-01 22:22:11,623 INFO: Calling before_request() for the Flask application... [in __init__.py:73]
2022-01-01 22:22:11,624 INFO: Calling after_request() for the Flask application... [in __init__.py:77]
2022-01-01 22:22:11,624 INFO: Calling after_request() for the Flask application... [in __init__.py:77]
2022-01-01 22:22:11,624 INFO: Calling teardown_request() for the Flask application... [in __init__.py:82]
2022-01-01 22:22:11,624 INFO: Calling teardown_request() for the Flask application... [in __init__.py:82]
2022-01-01 22:22:11,624 INFO: Calling teardown_appcontext() for the Flask application... [in __init__.py:86]
2022-01-01 22:22:11,624 INFO: Calling teardown_appcontext() for the Flask application... [in __init__.py:86]
2022-01-01 22:22:17,795 INFO: Calling before_request() for the Flask application... [in __init__.py:73]
2022-01-01 22:22:17,796 INFO: Calling before_request() for the stocks blueprint... [in routes.py:46]
2022-01-01 22:22:17,797 INFO: Calling after_request() for the stocks blueprint... [in routes.py:51]
2022-01-01 22:22:17,797 INFO: Calling after_request() for the Flask application... [in __init__.py:77]
2022-01-01 22:22:17,797 INFO: Calling teardown_request() for the stocks blueprint... [in routes.py:57]
2022-01-01 22:22:17,797 INFO: Calling teardown_request() for the Flask application... [in __init__.py:82]
2022-01-01 22:22:17,798 INFO: Calling teardown_appcontext() for the Flask application... [in __init__.py:86]
2022-01-01 22:22:17,826 INFO: Calling before_request() for the Flask application... [in __init__.py:73]
2022-01-01 22:22:17,827 INFO: Calling before_request() for the Flask application... [in __init__.py:73]
2022-01-01 22:22:17,827 INFO: Calling after_request() for the Flask application... [in __init__.py:77]
2022-01-01 22:22:17,827 INFO: Calling after_request() for the Flask application... [in __init__.py:77]
2022-01-01 22:22:17,827 INFO: Calling teardown_request() for the Flask application... [in __init__.py:82]
2022-01-01 22:22:17,828 INFO: Calling teardown_request() for the Flask application... [in __init__.py:82]
2022-01-01 22:22:17,828 INFO: Calling teardown_appcontext() for the Flask application... [in __init__.py:86]
2022-01-01 22:22:17,828 INFO: Calling teardown_appcontext() for the Flask application... [in __init__.py:86]
2022-01-01 22:22:36,986 INFO: Calling before_request() for the Flask application... [in __init__.py:73]
2022-01-01 22:22:36,986 INFO: Calling before_request() for the stocks blueprint... [in routes.py:46]
2022-01-01 22:22:36,994 INFO: Added new stock (AAPL)! [in routes.py:28]
2022-01-01 22:22:36,994 INFO: Calling after_request() for the stocks blueprint... [in routes.py:51]
2022-01-01 22:22:36,994 INFO: Calling after_request() for the Flask application... [in __init__.py:77]
2022-01-01 22:22:36,995 INFO: Calling teardown_request() for the stocks blueprint... [in routes.py:57]
2022-01-01 22:22:36,995 INFO: Calling teardown_request() for the Flask application... [in __init__.py:82]
2022-01-01 22:22:36,995 INFO: Calling teardown_appcontext() for the Flask application... [in __init__.py:86]
2022-01-01 22:22:36,998 INFO: Calling before_request() for the Flask application... [in __init__.py:73]
2022-01-01 22:22:36,998 INFO: Calling before_request() for the stocks blueprint... [in routes.py:46]
2022-01-01 22:22:37,000 INFO: Calling after_request() for the stocks blueprint... [in routes.py:51]
2022-01-01 22:22:37,000 INFO: Calling after_request() for the Flask application... [in __init__.py:77]
2022-01-01 22:22:37,000 INFO: Calling teardown_request() for the stocks blueprint... [in routes.py:57]
2022-01-01 22:22:37,000 INFO: Calling teardown_request() for the Flask application... [in __init__.py:82]
2022-01-01 22:22:37,001 INFO: Calling teardown_appcontext() for the Flask application... [in __init__.py:86]
2022-01-01 22:22:37,021 INFO: Calling before_request() for the Flask application... [in __init__.py:73]
2022-01-01 22:22:37,027 INFO: Calling after_request() for the Flask application... [in __init__.py:77]
2022-01-01 22:22:37,028 INFO: Calling before_request() for the Flask application... [in __init__.py:73]
2022-01-01 22:22:37,028 INFO: Calling teardown_request() for the Flask application... [in __init__.py:82]
2022-01-01 22:22:37,028 INFO: Calling teardown_appcontext() for the Flask application... [in __init__.py:86]
2022-01-01 22:22:37,029 INFO: Calling after_request() for the Flask application... [in __init__.py:77]
2022-01-01 22:22:37,029 INFO: Calling teardown_request() for the Flask application... [in __init__.py:82]
2022-01-01 22:22:37,029 INFO: Calling teardown_appcontext() for the Flask application... [in __init__.py:86]
2022-01-01 22:23:28,120 INFO: Calling before_request() for the Flask application... [in __init__.py:73]
2022-01-01 22:23:28,120 INFO: Calling before_request() for the stocks blueprint... [in routes.py:46]
2022-01-01 22:23:28,125 INFO: Calling after_request() for the stocks blueprint... [in routes.py:51]
2022-01-01 22:23:28,125 INFO: Calling after_request() for the Flask application... [in __init__.py:77]
2022-01-01 22:23:28,125 INFO: Calling teardown_request() for the stocks blueprint... [in routes.py:57]
2022-01-01 22:23:28,125 INFO: Calling teardown_request() for the Flask application... [in __init__.py:82]
2022-01-01 22:23:28,125 INFO: Calling teardown_appcontext() for the Flask application... [in __init__.py:86]
2022-01-01 22:23:28,137 INFO: Calling before_request() for the Flask application... [in __init__.py:73]
2022-01-01 22:23:28,138 INFO: Calling before_request() for the Flask application... [in __init__.py:73]
2022-01-01 22:23:28,139 INFO: Calling after_request() for the Flask application... [in __init__.py:77]
2022-01-01 22:23:28,139 INFO: Calling teardown_request() for the Flask application... [in __init__.py:82]
2022-01-01 22:23:28,140 INFO: Calling after_request() for the Flask application... [in __init__.py:77]
2022-01-01 22:23:28,140 INFO: Calling teardown_appcontext() for the Flask application... [in __init__.py:86]
2022-01-01 22:23:28,140 INFO: Calling teardown_request() for the Flask application... [in __init__.py:82]
2022-01-01 22:23:28,140 INFO: Calling teardown_appcontext() for the Flask application... [in __init__.py:86]
2022-01-01 22:23:28,147 INFO: Calling before_request() for the Flask application... [in __init__.py:73]
