2022-01-03 09:28:27,801 INFO: Starting the Flask Stock Portfolio App... [in __init__.py:101]
2022-01-03 09:28:37,442 INFO: Starting the Flask Stock Portfolio App... [in __init__.py:101]
2022-01-03 09:46:27,470 INFO: Starting the Flask Stock Portfolio App... [in __init__.py:101]
2022-01-03 09:46:53,714 INFO: Starting the Flask Stock Portfolio App... [in __init__.py:101]
2022-01-03 09:47:16,966 INFO: Starting the Flask Stock Portfolio App... [in __init__.py:101]
2022-01-03 09:48:15,304 INFO: Starting the Flask Stock Portfolio App... [in __init__.py:101]
2022-01-03 09:48:15,327 INFO: Calling teardown_appcontext() for the Flask application... [in __init__.py:130]
2022-01-03 09:48:54,516 INFO: Starting the Flask Stock Portfolio App... [in __init__.py:101]
2022-01-03 09:49:02,924 INFO: Starting the Flask Stock Portfolio App... [in __init__.py:101]
2022-01-03 12:23:45,565 INFO: Starting the Flask Stock Portfolio App... [in __init__.py:101]
2022-01-03 12:23:46,387 INFO: Starting the Flask Stock Portfolio App... [in __init__.py:101]
2022-01-03 12:23:58,770 INFO: Calling before_request() for the Flask application... [in __init__.py:117]
2022-01-03 12:23:58,770 INFO: Calling before_request() for the stocks blueprint... [in routes.py:53]
2022-01-03 12:23:58,770 INFO: Calling the index() function. [in routes.py:16]
2022-01-03 12:23:58,815 INFO: Calling after_request() for the stocks blueprint... [in routes.py:58]
2022-01-03 12:23:58,816 INFO: Calling after_request() for the Flask application... [in __init__.py:121]
2022-01-03 12:23:58,816 INFO: Calling teardown_request() for the stocks blueprint... [in routes.py:64]
2022-01-03 12:23:58,816 INFO: Calling teardown_request() for the Flask application... [in __init__.py:126]
2022-01-03 12:23:58,816 INFO: Calling teardown_appcontext() for the Flask application... [in __init__.py:130]
2022-01-03 12:23:58,854 INFO: Calling before_request() for the Flask application... [in __init__.py:117]
2022-01-03 12:23:58,893 INFO: Calling after_request() for the Flask application... [in __init__.py:121]
2022-01-03 12:23:58,893 INFO: Calling teardown_request() for the Flask application... [in __init__.py:126]
2022-01-03 12:23:58,893 INFO: Calling teardown_appcontext() for the Flask application... [in __init__.py:130]
2022-01-03 12:23:59,029 INFO: Calling before_request() for the Flask application... [in __init__.py:117]
2022-01-03 12:23:59,031 INFO: Calling after_request() for the Flask application... [in __init__.py:121]
2022-01-03 12:23:59,031 INFO: Calling teardown_request() for the Flask application... [in __init__.py:126]
2022-01-03 12:23:59,032 INFO: Calling teardown_appcontext() for the Flask application... [in __init__.py:130]
2022-01-03 12:23:59,164 INFO: Calling before_request() for the Flask application... [in __init__.py:117]
2022-01-03 12:23:59,165 INFO: Calling after_request() for the Flask application... [in __init__.py:121]
2022-01-03 12:23:59,165 INFO: Calling teardown_request() for the Flask application... [in __init__.py:126]
2022-01-03 12:23:59,165 INFO: Calling teardown_appcontext() for the Flask application... [in __init__.py:130]
2022-01-03 12:24:09,271 INFO: Calling before_request() for the Flask application... [in __init__.py:117]
2022-01-03 12:24:09,289 INFO: Calling after_request() for the Flask application... [in __init__.py:121]
2022-01-03 12:24:09,289 INFO: Calling teardown_request() for the Flask application... [in __init__.py:126]
2022-01-03 12:24:09,289 INFO: Calling teardown_appcontext() for the Flask application... [in __init__.py:130]
2022-01-03 12:24:09,309 INFO: Calling before_request() for the Flask application... [in __init__.py:117]
2022-01-03 12:24:09,312 INFO: Calling after_request() for the Flask application... [in __init__.py:121]
2022-01-03 12:24:09,312 INFO: Calling teardown_request() for the Flask application... [in __init__.py:126]
2022-01-03 12:24:09,312 INFO: Calling teardown_appcontext() for the Flask application... [in __init__.py:130]
2022-01-03 12:24:09,538 INFO: Calling before_request() for the Flask application... [in __init__.py:117]
2022-01-03 12:24:09,539 INFO: Calling after_request() for the Flask application... [in __init__.py:121]
2022-01-03 12:24:09,539 INFO: Calling teardown_request() for the Flask application... [in __init__.py:126]
2022-01-03 12:24:09,540 INFO: Calling teardown_appcontext() for the Flask application... [in __init__.py:130]
2022-01-03 12:24:18,630 INFO: Calling before_request() for the Flask application... [in __init__.py:117]
2022-01-03 12:24:18,641 INFO: Calling after_request() for the Flask application... [in __init__.py:121]
2022-01-03 12:24:18,642 INFO: Calling teardown_request() for the Flask application... [in __init__.py:126]
2022-01-03 12:24:18,642 INFO: Calling teardown_appcontext() for the Flask application... [in __init__.py:130]
2022-01-03 12:24:18,657 INFO: Calling before_request() for the Flask application... [in __init__.py:117]
2022-01-03 12:24:18,658 INFO: Calling after_request() for the Flask application... [in __init__.py:121]
2022-01-03 12:24:18,659 INFO: Calling teardown_request() for the Flask application... [in __init__.py:126]
2022-01-03 12:24:18,659 INFO: Calling teardown_appcontext() for the Flask application... [in __init__.py:130]
2022-01-03 12:24:18,883 INFO: Calling before_request() for the Flask application... [in __init__.py:117]
2022-01-03 12:24:18,884 INFO: Calling after_request() for the Flask application... [in __init__.py:121]
2022-01-03 12:24:18,884 INFO: Calling teardown_request() for the Flask application... [in __init__.py:126]
2022-01-03 12:24:18,885 INFO: Calling teardown_appcontext() for the Flask application... [in __init__.py:130]
2022-01-03 12:24:26,993 INFO: Calling before_request() for the Flask application... [in __init__.py:117]
2022-01-03 12:24:26,997 INFO: Calling after_request() for the Flask application... [in __init__.py:121]
2022-01-03 12:24:26,997 INFO: Calling teardown_request() for the Flask application... [in __init__.py:126]
2022-01-03 12:24:26,997 INFO: Calling teardown_appcontext() for the Flask application... [in __init__.py:130]
2022-01-03 12:24:27,016 INFO: Calling before_request() for the Flask application... [in __init__.py:117]
2022-01-03 12:24:27,019 INFO: Calling after_request() for the Flask application... [in __init__.py:121]
2022-01-03 12:24:27,020 INFO: Calling teardown_request() for the Flask application... [in __init__.py:126]
2022-01-03 12:24:27,021 INFO: Calling teardown_appcontext() for the Flask application... [in __init__.py:130]
2022-01-03 12:24:27,255 INFO: Calling before_request() for the Flask application... [in __init__.py:117]
2022-01-03 12:24:27,256 INFO: Calling after_request() for the Flask application... [in __init__.py:121]
2022-01-03 12:24:27,256 INFO: Calling teardown_request() for the Flask application... [in __init__.py:126]
2022-01-03 12:24:27,256 INFO: Calling teardown_appcontext() for the Flask application... [in __init__.py:130]
2022-01-03 12:24:30,617 INFO: Calling before_request() for the Flask application... [in __init__.py:117]
2022-01-03 12:24:30,625 INFO: Calling after_request() for the Flask application... [in __init__.py:121]
2022-01-03 12:24:30,625 INFO: Calling teardown_request() for the Flask application... [in __init__.py:126]
2022-01-03 12:24:30,625 INFO: Calling teardown_appcontext() for the Flask application... [in __init__.py:130]
2022-01-03 12:24:30,639 INFO: Calling before_request() for the Flask application... [in __init__.py:117]
2022-01-03 12:24:30,640 INFO: Calling after_request() for the Flask application... [in __init__.py:121]
2022-01-03 12:24:30,640 INFO: Calling teardown_request() for the Flask application... [in __init__.py:126]
2022-01-03 12:24:30,641 INFO: Calling teardown_appcontext() for the Flask application... [in __init__.py:130]
2022-01-03 12:24:30,873 INFO: Calling before_request() for the Flask application... [in __init__.py:117]
2022-01-03 12:24:30,878 INFO: Calling after_request() for the Flask application... [in __init__.py:121]
2022-01-03 12:24:30,878 INFO: Calling teardown_request() for the Flask application... [in __init__.py:126]
2022-01-03 12:24:30,878 INFO: Calling teardown_appcontext() for the Flask application... [in __init__.py:130]
2022-01-03 12:24:37,230 INFO: Calling before_request() for the Flask application... [in __init__.py:117]
2022-01-03 12:24:38,908 INFO: Registered new user: saidul.islam@gmail.com! [in routes.py:50]
2022-01-03 12:24:38,913 INFO: Calling after_request() for the Flask application... [in __init__.py:121]
2022-01-03 12:24:38,914 INFO: Calling teardown_request() for the Flask application... [in __init__.py:126]
2022-01-03 12:24:38,914 INFO: Calling teardown_appcontext() for the Flask application... [in __init__.py:130]
2022-01-03 12:24:38,920 INFO: Calling before_request() for the Flask application... [in __init__.py:117]
2022-01-03 12:24:38,923 INFO: Calling after_request() for the Flask application... [in __init__.py:121]
2022-01-03 12:24:38,924 INFO: Calling teardown_request() for the Flask application... [in __init__.py:126]
2022-01-03 12:24:38,924 INFO: Calling teardown_appcontext() for the Flask application... [in __init__.py:130]
2022-01-03 12:24:38,943 INFO: Calling before_request() for the Flask application... [in __init__.py:117]
2022-01-03 12:24:38,945 INFO: Calling after_request() for the Flask application... [in __init__.py:121]
2022-01-03 12:24:38,946 INFO: Calling teardown_request() for the Flask application... [in __init__.py:126]
2022-01-03 12:24:38,946 INFO: Calling teardown_appcontext() for the Flask application... [in __init__.py:130]
2022-01-03 12:24:39,245 INFO: Calling before_request() for the Flask application... [in __init__.py:117]
2022-01-03 12:24:39,246 INFO: Calling after_request() for the Flask application... [in __init__.py:121]
2022-01-03 12:24:39,246 INFO: Calling teardown_request() for the Flask application... [in __init__.py:126]
2022-01-03 12:24:39,246 INFO: Calling teardown_appcontext() for the Flask application... [in __init__.py:130]
2022-01-03 12:24:39,328 INFO: Calling teardown_appcontext() for the Flask application... [in __init__.py:130]
2022-01-03 12:24:39,328 INFO: Calling teardown_request() for the Flask application... [in __init__.py:126]
2022-01-03 12:24:39,328 INFO: Calling teardown_appcontext() for the Flask application... [in __init__.py:130]
2022-01-03 12:24:46,572 INFO: Calling before_request() for the Flask application... [in __init__.py:117]
2022-01-03 12:24:46,598 INFO: Email address confirmed for: saidul.islam@gmail.com [in routes.py:157]
2022-01-03 12:24:46,599 INFO: Calling after_request() for the Flask application... [in __init__.py:121]
2022-01-03 12:24:46,602 INFO: Calling teardown_request() for the Flask application... [in __init__.py:126]
2022-01-03 12:24:46,602 INFO: Calling teardown_appcontext() for the Flask application... [in __init__.py:130]
2022-01-03 12:24:46,609 INFO: Calling before_request() for the Flask application... [in __init__.py:117]
2022-01-03 12:24:46,609 INFO: Calling before_request() for the stocks blueprint... [in routes.py:53]
2022-01-03 12:24:46,609 INFO: Calling the index() function. [in routes.py:16]
2022-01-03 12:24:46,611 INFO: Calling after_request() for the stocks blueprint... [in routes.py:58]
2022-01-03 12:24:46,611 INFO: Calling after_request() for the Flask application... [in __init__.py:121]
2022-01-03 12:24:46,611 INFO: Calling teardown_request() for the stocks blueprint... [in routes.py:64]
2022-01-03 12:24:46,611 INFO: Calling teardown_request() for the Flask application... [in __init__.py:126]
2022-01-03 12:24:46,611 INFO: Calling teardown_appcontext() for the Flask application... [in __init__.py:130]
2022-01-03 12:24:46,838 INFO: Calling before_request() for the Flask application... [in __init__.py:117]
2022-01-03 12:24:46,839 INFO: Calling after_request() for the Flask application... [in __init__.py:121]
2022-01-03 12:24:46,839 INFO: Calling teardown_request() for the Flask application... [in __init__.py:126]
2022-01-03 12:24:46,839 INFO: Calling teardown_appcontext() for the Flask application... [in __init__.py:130]
2022-01-03 12:24:46,942 INFO: Calling before_request() for the Flask application... [in __init__.py:117]
2022-01-03 12:24:46,943 INFO: Calling after_request() for the Flask application... [in __init__.py:121]
2022-01-03 12:24:46,943 INFO: Calling teardown_request() for the Flask application... [in __init__.py:126]
2022-01-03 12:24:46,943 INFO: Calling teardown_appcontext() for the Flask application... [in __init__.py:130]
2022-01-03 12:24:46,945 INFO: Calling before_request() for the Flask application... [in __init__.py:117]
2022-01-03 12:24:46,945 INFO: Calling after_request() for the Flask application... [in __init__.py:121]
2022-01-03 12:24:46,946 INFO: Calling teardown_request() for the Flask application... [in __init__.py:126]
2022-01-03 12:24:46,946 INFO: Calling teardown_appcontext() for the Flask application... [in __init__.py:130]
2022-01-03 12:25:03,112 INFO: Calling before_request() for the Flask application... [in __init__.py:117]
2022-01-03 12:25:04,777 INFO: Logged in user: saidul.islam@gmail.com [in routes.py:89]
2022-01-03 12:25:04,777 INFO: Calling after_request() for the Flask application... [in __init__.py:121]
2022-01-03 12:25:04,778 INFO: Calling teardown_request() for the Flask application... [in __init__.py:126]
2022-01-03 12:25:04,779 INFO: Calling teardown_appcontext() for the Flask application... [in __init__.py:130]
2022-01-03 12:25:04,790 INFO: Calling before_request() for the Flask application... [in __init__.py:117]
2022-01-03 12:25:04,801 INFO: Calling after_request() for the Flask application... [in __init__.py:121]
2022-01-03 12:25:04,801 INFO: Calling teardown_request() for the Flask application... [in __init__.py:126]
2022-01-03 12:25:04,802 INFO: Calling teardown_appcontext() for the Flask application... [in __init__.py:130]
2022-01-03 12:25:04,827 INFO: Calling before_request() for the Flask application... [in __init__.py:117]
2022-01-03 12:25:04,828 INFO: Calling after_request() for the Flask application... [in __init__.py:121]
2022-01-03 12:25:04,828 INFO: Calling teardown_request() for the Flask application... [in __init__.py:126]
2022-01-03 12:25:04,828 INFO: Calling teardown_appcontext() for the Flask application... [in __init__.py:130]
2022-01-03 12:25:05,132 INFO: Calling before_request() for the Flask application... [in __init__.py:117]
2022-01-03 12:25:05,132 INFO: Calling after_request() for the Flask application... [in __init__.py:121]
2022-01-03 12:25:05,133 INFO: Calling teardown_request() for the Flask application... [in __init__.py:126]
2022-01-03 12:25:05,133 INFO: Calling teardown_appcontext() for the Flask application... [in __init__.py:130]
2022-01-03 12:25:08,640 INFO: Calling before_request() for the Flask application... [in __init__.py:117]
2022-01-03 12:25:08,641 INFO: Calling before_request() for the stocks blueprint... [in routes.py:53]
2022-01-03 12:25:08,656 INFO: Calling after_request() for the stocks blueprint... [in routes.py:58]
2022-01-03 12:25:08,656 INFO: Calling after_request() for the Flask application... [in __init__.py:121]
2022-01-03 12:25:08,656 INFO: Calling teardown_request() for the stocks blueprint... [in routes.py:64]
2022-01-03 12:25:08,657 INFO: Calling teardown_request() for the Flask application... [in __init__.py:126]
2022-01-03 12:25:08,657 INFO: Calling teardown_appcontext() for the Flask application... [in __init__.py:130]
2022-01-03 12:25:08,674 INFO: Calling before_request() for the Flask application... [in __init__.py:117]
2022-01-03 12:25:08,674 INFO: Calling after_request() for the Flask application... [in __init__.py:121]
2022-01-03 12:25:08,675 INFO: Calling teardown_request() for the Flask application... [in __init__.py:126]
2022-01-03 12:25:08,675 INFO: Calling teardown_appcontext() for the Flask application... [in __init__.py:130]
2022-01-03 12:25:08,887 INFO: Calling before_request() for the Flask application... [in __init__.py:117]
2022-01-03 12:25:08,889 INFO: Calling after_request() for the Flask application... [in __init__.py:121]
2022-01-03 12:25:29,022 INFO: Added new stock (IWY)! [in routes.py:34]
